2026-02-21 11:57:20,123 - ScreenStreamer - INFO - Connecting to signaling server at ws://localhost:8000/api/v1/ws/ws?role=host&room_id=0bfe9f83-1225-43d7-9cdd-92886846778c&token=eyJhbGciOiJIUzI1NiIsInR5cCI6IkpXVCJ9.eyJzdWIiOiIwYmZlOWY4My0xMjI1LTQzZDctOWNkZC05Mjg4Njg0Njc3OGMiLCJleHAiOjQ5MjUyNTEwMTN9.MDCS5P0l7LfrBZRhgkkfuhlYS9voc9l8tGayYl05Eok
2026-02-21 11:57:22,238 - ScreenStreamer - INFO - Signaling WebSocket connected
2026-02-21 11:57:44,009 - ScreenStreamer - DEBUG - Received message type: offer
2026-02-21 11:57:44,010 - ScreenStreamer - INFO - Received WebRTC Offer. Initializing PeerConnection.
2026-02-21 11:57:44,056 - ScreenStreamer - ERROR - Signaling connection error: None is not in list
2026-02-21 11:57:44,056 - ScreenStreamer - INFO - WebRTC Connection State: closed
2026-02-21 12:00:43,725 - ScreenStreamer - INFO - WebRTC streamer thread started. Target: ws://localhost:8000/api/v1/ws/ws?role=host&room_id=0bfe9f83-1225-43d7-9cdd-92886846778c&token=eyJhbGciOiJIUzI1NiIsInR5cCI6IkpXVCJ9.eyJzdWIiOiIwYmZlOWY4My0xMjI1LTQzZDctOWNkZC05Mjg4Njg0Njc3OGMiLCJleHAiOjQ5MjUyNTEwMTN9.MDCS5P0l7LfrBZRhgkkfuhlYS9voc9l8tGayYl05Eok
2026-02-21 12:00:43,728 - ScreenStreamer - INFO - Connecting to signaling server at ws://localhost:8000/api/v1/ws/ws?role=host&room_id=0bfe9f83-1225-43d7-9cdd-92886846778c&token=eyJhbGciOiJIUzI1NiIsInR5cCI6IkpXVCJ9.eyJzdWIiOiIwYmZlOWY4My0xMjI1LTQzZDctOWNkZC05Mjg4Njg0Njc3OGMiLCJleHAiOjQ5MjUyNTEwMTN9.MDCS5P0l7LfrBZRhgkkfuhlYS9voc9l8tGayYl05Eok
2026-02-21 12:00:45,895 - ScreenStreamer - INFO - Signaling WebSocket connected
2026-02-21 12:09:44,791 - ScreenStreamer - INFO - WebRTC streamer thread started. Target: ws://localhost:8000/api/v1/ws/ws?role=host&room_id=0bfe9f83-1225-43d7-9cdd-92886846778c&token=eyJhbGciOiJIUzI1NiIsInR5cCI6IkpXVCJ9.eyJzdWIiOiIwYmZlOWY4My0xMjI1LTQzZDctOWNkZC05Mjg4Njg0Njc3OGMiLCJleHAiOjQ5MjUyNTEwMTN9.MDCS5P0l7LfrBZRhgkkfuhlYS9voc9l8tGayYl05Eok
2026-02-21 12:09:44,794 - ScreenStreamer - INFO - Connecting to signaling server at ws://localhost:8000/api/v1/ws/ws?role=host&room_id=0bfe9f83-1225-43d7-9cdd-92886846778c&token=eyJhbGciOiJIUzI1NiIsInR5cCI6IkpXVCJ9.eyJzdWIiOiIwYmZlOWY4My0xMjI1LTQzZDctOWNkZC05Mjg4Njg0Njc3OGMiLCJleHAiOjQ5MjUyNTEwMTN9.MDCS5P0l7LfrBZRhgkkfuhlYS9voc9l8tGayYl05Eok
2026-02-21 12:09:46,923 - ScreenStreamer - INFO - Signaling WebSocket connected
2026-02-21 12:19:05,137 - ScreenStreamer - INFO - WebRTC streamer thread started. Target: ws://localhost:8000/api/v1/ws/ws?role=host&room_id=0bfe9f83-1225-43d7-9cdd-92886846778c&token=eyJhbGciOiJIUzI1NiIsInR5cCI6IkpXVCJ9.eyJzdWIiOiIwYmZlOWY4My0xMjI1LTQzZDctOWNkZC05Mjg4Njg0Njc3OGMiLCJleHAiOjQ5MjUyNTEwMTN9.MDCS5P0l7LfrBZRhgkkfuhlYS9voc9l8tGayYl05Eok
2026-02-21 12:19:05,143 - ScreenStreamer - INFO - Connecting to signaling server at ws://localhost:8000/api/v1/ws/ws?role=host&room_id=0bfe9f83-1225-43d7-9cdd-92886846778c&token=eyJhbGciOiJIUzI1NiIsInR5cCI6IkpXVCJ9.eyJzdWIiOiIwYmZlOWY4My0xMjI1LTQzZDctOWNkZC05Mjg4Njg0Njc3OGMiLCJleHAiOjQ5MjUyNTEwMTN9.MDCS5P0l7LfrBZRhgkkfuhlYS9voc9l8tGayYl05Eok
2026-02-21 12:19:07,251 - ScreenStreamer - INFO - Signaling WebSocket connected
2026-02-21 12:25:16,161 - ScreenStreamer - DEBUG - Received message type: offer
2026-02-21 12:25:16,161 - ScreenStreamer - INFO - Received WebRTC Offer. Initializing PeerConnection.
2026-02-21 12:25:21,204 - ScreenStreamer - INFO - Sent WebRTC Answer
2026-02-21 12:25:21,204 - ScreenStreamer - INFO - WebRTC Connection State: connecting
2026-02-21 12:25:21,204 - ScreenStreamer - DEBUG - Received message type: ice_candidate
2026-02-21 12:25:21,232 - ScreenStreamer - DEBUG - Received message type: ice_candidate
2026-02-21 12:25:21,294 - ScreenStreamer - INFO - WebRTC Connection State: connected
2026-02-21 12:25:21,370 - ScreenStreamer - INFO - WebRTC streamer thread started. Target: ws://localhost:8000/api/v1/ws/ws?role=host&room_id=0bfe9f83-1225-43d7-9cdd-92886846778c&token=eyJhbGciOiJIUzI1NiIsInR5cCI6IkpXVCJ9.eyJzdWIiOiIwYmZlOWY4My0xMjI1LTQzZDctOWNkZC05Mjg4Njg0Njc3OGMiLCJleHAiOjQ5MjUyNTEwMTN9.MDCS5P0l7LfrBZRhgkkfuhlYS9voc9l8tGayYl05Eok
2026-02-21 12:25:21,375 - ScreenStreamer - INFO - Connecting to signaling server at ws://localhost:8000/api/v1/ws/ws?role=host&room_id=0bfe9f83-1225-43d7-9cdd-92886846778c&token=eyJhbGciOiJIUzI1NiIsInR5cCI6IkpXVCJ9.eyJzdWIiOiIwYmZlOWY4My0xMjI1LTQzZDctOWNkZC05Mjg4Njg0Njc3OGMiLCJleHAiOjQ5MjUyNTEwMTN9.MDCS5P0l7LfrBZRhgkkfuhlYS9voc9l8tGayYl05Eok
2026-02-21 12:25:23,481 - ScreenStreamer - INFO - Signaling WebSocket connected
2026-02-21 12:32:06,526 - ScreenStreamer - DEBUG - Received message type: offer
2026-02-21 12:32:06,526 - ScreenStreamer - INFO - Received WebRTC Offer. Initializing PeerConnection.
2026-02-21 12:32:11,583 - ScreenStreamer - INFO - Sent WebRTC Answer
2026-02-21 12:32:11,583 - ScreenStreamer - INFO - WebRTC Connection State: connecting
2026-02-21 12:32:11,583 - ScreenStreamer - DEBUG - Received message type: ice_candidate
2026-02-21 12:32:11,632 - ScreenStreamer - INFO - WebRTC Connection State: connected
2026-02-21 12:32:12,591 - ScreenStreamer - DEBUG - Received message type: ice_candidate
2026-02-21 12:32:12,717 - ScreenStreamer - INFO - WebRTC streamer thread started. Target: ws://localhost:8000/api/v1/ws/ws?role=host&room_id=0bfe9f83-1225-43d7-9cdd-92886846778c&token=eyJhbGciOiJIUzI1NiIsInR5cCI6IkpXVCJ9.eyJzdWIiOiIwYmZlOWY4My0xMjI1LTQzZDctOWNkZC05Mjg4Njg0Njc3OGMiLCJleHAiOjQ5MjUyNTEwMTN9.MDCS5P0l7LfrBZRhgkkfuhlYS9voc9l8tGayYl05Eok
2026-02-21 12:32:12,721 - ScreenStreamer - INFO - Connecting to signaling server at ws://localhost:8000/api/v1/ws/ws?role=host&room_id=0bfe9f83-1225-43d7-9cdd-92886846778c&token=eyJhbGciOiJIUzI1NiIsInR5cCI6IkpXVCJ9.eyJzdWIiOiIwYmZlOWY4My0xMjI1LTQzZDctOWNkZC05Mjg4Njg0Njc3OGMiLCJleHAiOjQ5MjUyNTEwMTN9.MDCS5P0l7LfrBZRhgkkfuhlYS9voc9l8tGayYl05Eok
2026-02-21 12:32:14,817 - ScreenStreamer - INFO - Signaling WebSocket connected
2026-02-21 12:32:38,072 - ScreenStreamer - INFO - WebRTC Connection State: closed
2026-02-21 12:32:38,873 - ScreenStreamer - INFO - WebRTC streamer stopping...
2026-02-21 12:32:38,940 - ScreenStreamer - ERROR - Streamer loop error: Event loop stopped before Future completed.
2026-02-21 12:32:51,365 - ScreenStreamer - DEBUG - Received message type: offer
2026-02-21 12:32:51,366 - ScreenStreamer - INFO - Received WebRTC Offer. Initializing PeerConnection.
2026-02-21 12:32:52,995 - ScreenStreamer - INFO - WebRTC streamer thread started. Target: ws://localhost:8000/api/v1/ws/ws?role=host&room_id=0bfe9f83-1225-43d7-9cdd-92886846778c&token=eyJhbGciOiJIUzI1NiIsInR5cCI6IkpXVCJ9.eyJzdWIiOiIwYmZlOWY4My0xMjI1LTQzZDctOWNkZC05Mjg4Njg0Njc3OGMiLCJleHAiOjQ5MjUyNTEwMTN9.MDCS5P0l7LfrBZRhgkkfuhlYS9voc9l8tGayYl05Eok
2026-02-21 12:32:53,001 - ScreenStreamer - INFO - Connecting to signaling server at ws://localhost:8000/api/v1/ws/ws?role=host&room_id=0bfe9f83-1225-43d7-9cdd-92886846778c&token=eyJhbGciOiJIUzI1NiIsInR5cCI6IkpXVCJ9.eyJzdWIiOiIwYmZlOWY4My0xMjI1LTQzZDctOWNkZC05Mjg4Njg0Njc3OGMiLCJleHAiOjQ5MjUyNTEwMTN9.MDCS5P0l7LfrBZRhgkkfuhlYS9voc9l8tGayYl05Eok
2026-02-21 12:32:55,038 - ScreenStreamer - INFO - Signaling WebSocket connected
2026-02-21 12:32:56,414 - ScreenStreamer - INFO - Sent WebRTC Answer
2026-02-21 12:32:56,414 - ScreenStreamer - INFO - WebRTC Connection State: connecting
2026-02-21 12:32:56,414 - ScreenStreamer - DEBUG - Received message type: ice_candidate
2026-02-21 12:32:56,414 - ScreenStreamer - DEBUG - Received message type: answer
2026-02-21 12:32:56,432 - ScreenStreamer - INFO - WebRTC Connection State: connected
2026-02-21 12:35:40,873 - ScreenStreamer - INFO - WebRTC Connection State: closed
2026-02-21 12:35:42,472 - ScreenStreamer - INFO - WebRTC streamer stopping...
2026-02-21 12:35:42,510 - ScreenStreamer - ERROR - Streamer loop error: Event loop stopped before Future completed.
2026-02-21 12:35:50,382 - ScreenStreamer - DEBUG - Received message type: offer
2026-02-21 12:35:50,383 - ScreenStreamer - INFO - Received WebRTC Offer. Initializing PeerConnection.
2026-02-21 12:35:55,423 - ScreenStreamer - INFO - Sent WebRTC Answer
2026-02-21 12:35:55,423 - ScreenStreamer - INFO - WebRTC Connection State: connecting
2026-02-21 12:35:55,425 - ScreenStreamer - DEBUG - Received message type: ice_candidate
2026-02-21 12:35:55,461 - ScreenStreamer - INFO - WebRTC Connection State: connected
2026-02-21 12:35:56,432 - ScreenStreamer - DEBUG - Received message type: ice_candidate
2026-02-21 13:50:33,326 - ScreenStreamer - INFO - WebRTC streamer thread started. Target: ws://localhost:8000/api/v1/ws/ws?role=host&room_id=0bfe9f83-1225-43d7-9cdd-92886846778c&token=eyJhbGciOiJIUzI1NiIsInR5cCI6IkpXVCJ9.eyJzdWIiOiIwYmZlOWY4My0xMjI1LTQzZDctOWNkZC05Mjg4Njg0Njc3OGMiLCJleHAiOjQ5MjUyNTEwMTN9.MDCS5P0l7LfrBZRhgkkfuhlYS9voc9l8tGayYl05Eok
2026-02-21 13:50:33,333 - ScreenStreamer - INFO - Connecting to signaling server at ws://localhost:8000/api/v1/ws/ws?role=host&room_id=0bfe9f83-1225-43d7-9cdd-92886846778c&token=eyJhbGciOiJIUzI1NiIsInR5cCI6IkpXVCJ9.eyJzdWIiOiIwYmZlOWY4My0xMjI1LTQzZDctOWNkZC05Mjg4Njg0Njc3OGMiLCJleHAiOjQ5MjUyNTEwMTN9.MDCS5P0l7LfrBZRhgkkfuhlYS9voc9l8tGayYl05Eok
2026-02-21 13:50:35,434 - ScreenStreamer - INFO - Signaling WebSocket connected
2026-02-21 13:50:40,383 - ScreenStreamer - INFO - WebRTC streamer stopping...
2026-02-21 13:50:40,469 - ScreenStreamer - ERROR - Streamer loop error: Event loop stopped before Future completed.
2026-02-23 10:46:23,801 - ScreenStreamer - INFO - WebRTC streamer thread started. Target: ws://localhost:8000/api/v1/ws/ws?role=host&room_id=0bfe9f83-1225-43d7-9cdd-92886846778c&token=eyJhbGciOiJIUzI1NiIsInR5cCI6IkpXVCJ9.eyJzdWIiOiIwYmZlOWY4My0xMjI1LTQzZDctOWNkZC05Mjg4Njg0Njc3OGMiLCJleHAiOjQ5MjUyNTEwMTN9.MDCS5P0l7LfrBZRhgkkfuhlYS9voc9l8tGayYl05Eok
2026-02-23 10:46:23,818 - ScreenStreamer - INFO - Connecting to signaling server at ws://localhost:8000/api/v1/ws/ws?role=host&room_id=0bfe9f83-1225-43d7-9cdd-92886846778c&token=eyJhbGciOiJIUzI1NiIsInR5cCI6IkpXVCJ9.eyJzdWIiOiIwYmZlOWY4My0xMjI1LTQzZDctOWNkZC05Mjg4Njg0Njc3OGMiLCJleHAiOjQ5MjUyNTEwMTN9.MDCS5P0l7LfrBZRhgkkfuhlYS9voc9l8tGayYl05Eok
2026-02-23 10:46:25,997 - ScreenStreamer - INFO - Signaling WebSocket connected
2026-02-23 10:46:51,762 - ScreenStreamer - DEBUG - Received message type: offer
2026-02-23 10:46:51,762 - ScreenStreamer - INFO - Received WebRTC Offer. Initializing PeerConnection.
2026-02-23 10:46:52,017 - ScreenStreamer - INFO - WebRTC streamer stopping...
2026-02-23 10:46:52,024 - ScreenStreamer - INFO - WebRTC streamer thread started. Target: ws://localhost:8000/api/v1/ws/ws?role=host&room_id=0bfe9f83-1225-43d7-9cdd-92886846778c&token=eyJhbGciOiJIUzI1NiIsInR5cCI6IkpXVCJ9.eyJzdWIiOiIwYmZlOWY4My0xMjI1LTQzZDctOWNkZC05Mjg4Njg0Njc3OGMiLCJleHAiOjQ5MjUyNTEwMTN9.MDCS5P0l7LfrBZRhgkkfuhlYS9voc9l8tGayYl05Eok
2026-02-23 10:46:52,031 - ScreenStreamer - INFO - Connecting to signaling server at ws://localhost:8000/api/v1/ws/ws?role=host&room_id=0bfe9f83-1225-43d7-9cdd-92886846778c&token=eyJhbGciOiJIUzI1NiIsInR5cCI6IkpXVCJ9.eyJzdWIiOiIwYmZlOWY4My0xMjI1LTQzZDctOWNkZC05Mjg4Njg0Njc3OGMiLCJleHAiOjQ5MjUyNTEwMTN9.MDCS5P0l7LfrBZRhgkkfuhlYS9voc9l8tGayYl05Eok
2026-02-23 10:46:52,365 - ScreenStreamer - ERROR - Streamer loop error: Event loop stopped before Future completed.
2026-02-23 10:46:54,087 - ScreenStreamer - INFO - Signaling WebSocket connected
2026-02-23 10:51:20,317 - ScreenStreamer - INFO - WebRTC streamer stopping...
2026-02-23 10:51:21,070 - ScreenStreamer - ERROR - Streamer loop error: Event loop stopped before Future completed.
2026-02-23 11:43:14,374 - ScreenStreamer - INFO - WebRTC streamer thread started. Target: ws://localhost:8000/api/v1/ws/ws?role=host&room_id=0bfe9f83-1225-43d7-9cdd-92886846778c&token=eyJhbGciOiJIUzI1NiIsInR5cCI6IkpXVCJ9.eyJzdWIiOiIwYmZlOWY4My0xMjI1LTQzZDctOWNkZC05Mjg4Njg0Njc3OGMiLCJleHAiOjQ5MjUyNTEwMTN9.MDCS5P0l7LfrBZRhgkkfuhlYS9voc9l8tGayYl05Eok
2026-02-23 11:43:14,379 - ScreenStreamer - INFO - Connecting to signaling server at ws://localhost:8000/api/v1/ws/ws?role=host&room_id=0bfe9f83-1225-43d7-9cdd-92886846778c&token=eyJhbGciOiJIUzI1NiIsInR5cCI6IkpXVCJ9.eyJzdWIiOiIwYmZlOWY4My0xMjI1LTQzZDctOWNkZC05Mjg4Njg0Njc3OGMiLCJleHAiOjQ5MjUyNTEwMTN9.MDCS5P0l7LfrBZRhgkkfuhlYS9voc9l8tGayYl05Eok
2026-02-23 11:43:16,475 - ScreenStreamer - INFO - Signaling WebSocket connected
2026-02-23 11:43:16,476 - ScreenStreamer - DEBUG - Received message type: offer
2026-02-23 11:43:16,476 - ScreenStreamer - INFO - Received WebRTC Offer. Initializing PeerConnection.
2026-02-23 11:43:21,512 - ScreenStreamer - INFO - Sent WebRTC Answer
2026-02-23 11:43:21,514 - ScreenStreamer - INFO - WebRTC Connection State: connecting
2026-02-23 11:43:21,559 - ScreenStreamer - INFO - WebRTC Connection State: connected
2026-02-23 11:51:12,716 - ScreenStreamer - ERROR - Capture failed: Unable to allocate 7.91 MiB for an array with shape (1080, 1920, 4) and data type uint8
2026-02-23 11:51:12,769 - ScreenStreamer - INFO - ScreenTrack stopped, releasing memory and capture resources.
2026-02-23 13:00:46,930 - ScreenStreamer - INFO - WebRTC streamer thread started. Target: ws://localhost:8000/api/v1/ws/ws?role=host&room_id=0bfe9f83-1225-43d7-9cdd-92886846778c&token=eyJhbGciOiJIUzI1NiIsInR5cCI6IkpXVCJ9.eyJzdWIiOiIwYmZlOWY4My0xMjI1LTQzZDctOWNkZC05Mjg4Njg0Njc3OGMiLCJleHAiOjQ5MjUyNTEwMTN9.MDCS5P0l7LfrBZRhgkkfuhlYS9voc9l8tGayYl05Eok
2026-02-23 13:00:46,937 - ScreenStreamer - INFO - Connecting to signaling server at ws://localhost:8000/api/v1/ws/ws?role=host&room_id=0bfe9f83-1225-43d7-9cdd-92886846778c&token=eyJhbGciOiJIUzI1NiIsInR5cCI6IkpXVCJ9.eyJzdWIiOiIwYmZlOWY4My0xMjI1LTQzZDctOWNkZC05Mjg4Njg0Njc3OGMiLCJleHAiOjQ5MjUyNTEwMTN9.MDCS5P0l7LfrBZRhgkkfuhlYS9voc9l8tGayYl05Eok
2026-02-23 13:00:49,140 - ScreenStreamer - INFO - Signaling WebSocket connected
2026-02-23 13:01:22,265 - ScreenStreamer - INFO - WebRTC streamer stopping...
2026-02-23 13:01:29,342 - ScreenStreamer - INFO - WebRTC streamer thread started. Target: ws://localhost:8000/api/v1/ws/ws?role=host&room_id=0bfe9f83-1225-43d7-9cdd-92886846778c&token=eyJhbGciOiJIUzI1NiIsInR5cCI6IkpXVCJ9.eyJzdWIiOiIwYmZlOWY4My0xMjI1LTQzZDctOWNkZC05Mjg4Njg0Njc3OGMiLCJleHAiOjQ5MjUyNTEwMTN9.MDCS5P0l7LfrBZRhgkkfuhlYS9voc9l8tGayYl05Eok
2026-02-23 13:01:29,342 - ScreenStreamer - INFO - Connecting to signaling server at ws://localhost:8000/api/v1/ws/ws?role=host&room_id=0bfe9f83-1225-43d7-9cdd-92886846778c&token=eyJhbGciOiJIUzI1NiIsInR5cCI6IkpXVCJ9.eyJzdWIiOiIwYmZlOWY4My0xMjI1LTQzZDctOWNkZC05Mjg4Njg0Njc3OGMiLCJleHAiOjQ5MjUyNTEwMTN9.MDCS5P0l7LfrBZRhgkkfuhlYS9voc9l8tGayYl05Eok
2026-02-23 13:01:31,407 - ScreenStreamer - INFO - Signaling WebSocket connected
2026-02-23 13:03:50,564 - ScreenStreamer - INFO - WebRTC streamer stopping...
2026-02-23 13:05:01,160 - ScreenStreamer - INFO - WebRTC streamer thread started. Target: ws://localhost:8000/api/v1/ws/ws?role=host&room_id=0bfe9f83-1225-43d7-9cdd-92886846778c&token=eyJhbGciOiJIUzI1NiIsInR5cCI6IkpXVCJ9.eyJzdWIiOiIwYmZlOWY4My0xMjI1LTQzZDctOWNkZC05Mjg4Njg0Njc3OGMiLCJleHAiOjQ5MjUyNTEwMTN9.MDCS5P0l7LfrBZRhgkkfuhlYS9voc9l8tGayYl05Eok
2026-02-23 13:05:01,164 - ScreenStreamer - INFO - Connecting to signaling server at ws://localhost:8000/api/v1/ws/ws?role=host&room_id=0bfe9f83-1225-43d7-9cdd-92886846778c&token=eyJhbGciOiJIUzI1NiIsInR5cCI6IkpXVCJ9.eyJzdWIiOiIwYmZlOWY4My0xMjI1LTQzZDctOWNkZC05Mjg4Njg0Njc3OGMiLCJleHAiOjQ5MjUyNTEwMTN9.MDCS5P0l7LfrBZRhgkkfuhlYS9voc9l8tGayYl05Eok
2026-02-23 13:05:03,205 - ScreenStreamer - INFO - Signaling WebSocket connected
2026-02-23 13:08:11,735 - ScreenStreamer - INFO - WebRTC streamer stopping...
2026-02-23 13:20:31,744 - ScreenStreamer - INFO - WebRTC streamer thread started. Target: ws://localhost:8000/api/v1/ws/ws?role=host&room_id=0bfe9f83-1225-43d7-9cdd-92886846778c&token=eyJhbGciOiJIUzI1NiIsInR5cCI6IkpXVCJ9.eyJzdWIiOiIwYmZlOWY4My0xMjI1LTQzZDctOWNkZC05Mjg4Njg0Njc3OGMiLCJleHAiOjQ5MjUyNTEwMTN9.MDCS5P0l7LfrBZRhgkkfuhlYS9voc9l8tGayYl05Eok
2026-02-23 13:20:31,748 - ScreenStreamer - INFO - Connecting to signaling server at ws://localhost:8000/api/v1/ws/ws?role=host&room_id=0bfe9f83-1225-43d7-9cdd-92886846778c&token=eyJhbGciOiJIUzI1NiIsInR5cCI6IkpXVCJ9.eyJzdWIiOiIwYmZlOWY4My0xMjI1LTQzZDctOWNkZC05Mjg4Njg0Njc3OGMiLCJleHAiOjQ5MjUyNTEwMTN9.MDCS5P0l7LfrBZRhgkkfuhlYS9voc9l8tGayYl05Eok
2026-02-23 13:20:33,937 - ScreenStreamer - INFO - Signaling WebSocket connected
2026-02-23 13:20:33,939 - ScreenStreamer - DEBUG - Received message type: offer
2026-02-23 13:20:33,939 - ScreenStreamer - INFO - Received WebRTC Offer. Initializing PeerConnection.
2026-02-23 13:20:38,996 - ScreenStreamer - INFO - Sent WebRTC Answer
2026-02-23 13:20:38,997 - ScreenStreamer - INFO - WebRTC Connection State: connecting
2026-02-23 13:20:39,049 - ScreenStreamer - INFO - WebRTC Connection State: connected
2026-02-23 13:24:38,630 - ScreenStreamer - ERROR - Signaling connection error:
Traceback (most recent call last):
  File "C:\Users\Vilas\AppData\Local\Programs\Python\Python310\lib\asyncio\windows_events.py", line 480, in finish_recv
    return ov.getresult()
OSError: [WinError 64] The specified network name is no longer available

During handling of the above exception, another exception occurred:

Traceback (most recent call last):
  File "C:\Users\Vilas\AppData\Local\Programs\Python\Python310\lib\asyncio\proactor_events.py", line 282, in _loop_reading
    length = fut.result()
  File "C:\Users\Vilas\AppData\Local\Programs\Python\Python310\lib\asyncio\windows_events.py", line 812, in _poll
    value = callback(transferred, key, ov)
  File "C:\Users\Vilas\AppData\Local\Programs\Python\Python310\lib\asyncio\windows_events.py", line 484, in finish_recv
    raise ConnectionResetError(*exc.args)
ConnectionResetError: [WinError 64] The specified network name is no longer available

The above exception was the direct cause of the following exception:

Traceback (most recent call last):
  File "C:\Users\Vilas\OneDrive\Desktop\WebRTC\employee-monitoring-system\client\streamer.py", line 143, in _connect_and_stream
    message_str = await asyncio.wait_for(ws.recv(), timeout=1.0)
  File "C:\Users\Vilas\AppData\Local\Programs\Python\Python310\lib\asyncio\tasks.py", line 447, in wait_for
    return fut.result()
  File "C:\Users\Vilas\OneDrive\Desktop\WebRTC\employee-monitoring-system\client\venv\lib\site-packages\websockets\asyncio\connection.py", line 324, in recv
    raise self.protocol.close_exc from self.recv_exc
websockets.exceptions.ConnectionClosedError: received 1012 (service restart); then sent 1012 (service restart)
2026-02-23 13:24:38,862 - ScreenStreamer - INFO - ScreenTrack stopped, releasing memory and capture resources.
2026-02-23 13:24:38,878 - ScreenStreamer - INFO - WebRTC Connection State: closed
2026-02-23 13:24:38,878 - ScreenStreamer - WARNING - Connection closed/failed. Triggering full memory cleanup.
2026-02-23 13:24:38,880 - ScreenStreamer - INFO - Connecting to signaling server at ws://localhost:8000/api/v1/ws/ws?role=host&room_id=0bfe9f83-1225-43d7-9cdd-92886846778c&token=eyJhbGciOiJIUzI1NiIsInR5cCI6IkpXVCJ9.eyJzdWIiOiIwYmZlOWY4My0xMjI1LTQzZDctOWNkZC05Mjg4Njg0Njc3OGMiLCJleHAiOjQ5MjUyNTEwMTN9.MDCS5P0l7LfrBZRhgkkfuhlYS9voc9l8tGayYl05Eok
2026-02-23 13:24:42,955 - ScreenStreamer - ERROR - Signaling connection error:
Traceback (most recent call last):
  File "C:\Users\Vilas\OneDrive\Desktop\WebRTC\employee-monitoring-system\client\streamer.py", line 138, in _connect_and_stream
    async with websockets.connect(self.ws_url) as ws:
  File "C:\Users\Vilas\OneDrive\Desktop\WebRTC\employee-monitoring-system\client\venv\lib\site-packages\websockets\asyncio\client.py", line 590, in __aenter__
    return await self
  File "C:\Users\Vilas\OneDrive\Desktop\WebRTC\employee-monitoring-system\client\venv\lib\site-packages\websockets\asyncio\client.py", line 544, in __await_impl__
    self.connection = await self.create_connection()
  File "C:\Users\Vilas\OneDrive\Desktop\WebRTC\employee-monitoring-system\client\venv\lib\site-packages\websockets\asyncio\client.py", line 470, in create_connection
    _, connection = await loop.create_connection(factory, **kwargs)
  File "C:\Users\Vilas\AppData\Local\Programs\Python\Python310\lib\asyncio\base_events.py", line 1060, in create_connection
    raise exceptions[0]
  File "C:\Users\Vilas\AppData\Local\Programs\Python\Python310\lib\asyncio\base_events.py", line 1040, in create_connection
    sock = await self._connect_sock(
  File "C:\Users\Vilas\AppData\Local\Programs\Python\Python310\lib\asyncio\base_events.py", line 954, in _connect_sock
    await self.sock_connect(sock, address)
  File "C:\Users\Vilas\AppData\Local\Programs\Python\Python310\lib\asyncio\proactor_events.py", line 704, in sock_connect
    return await self._proactor.connect(sock, address)
  File "C:\Users\Vilas\AppData\Local\Programs\Python\Python310\lib\asyncio\windows_events.py", line 812, in _poll
    value = callback(transferred, key, ov)
  File "C:\Users\Vilas\AppData\Local\Programs\Python\Python310\lib\asyncio\windows_events.py", line 599, in finish_connect
    ov.getresult()
ConnectionRefusedError: [WinError 1225] The remote computer refused the network connection
2026-02-23 13:24:43,031 - ScreenStreamer - INFO - Connecting to signaling server at ws://localhost:8000/api/v1/ws/ws?role=host&room_id=0bfe9f83-1225-43d7-9cdd-92886846778c&token=eyJhbGciOiJIUzI1NiIsInR5cCI6IkpXVCJ9.eyJzdWIiOiIwYmZlOWY4My0xMjI1LTQzZDctOWNkZC05Mjg4Njg0Njc3OGMiLCJleHAiOjQ5MjUyNTEwMTN9.MDCS5P0l7LfrBZRhgkkfuhlYS9voc9l8tGayYl05Eok
2026-02-23 14:57:08,890 - ScreenStreamer - INFO - WebRTC streamer thread started. Target: ws://localhost:8000/api/v1/ws/ws?role=host&room_id=0bfe9f83-1225-43d7-9cdd-92886846778c&token=eyJhbGciOiJIUzI1NiIsInR5cCI6IkpXVCJ9.eyJzdWIiOiIwYmZlOWY4My0xMjI1LTQzZDctOWNkZC05Mjg4Njg0Njc3OGMiLCJleHAiOjQ5MjUyNTEwMTN9.MDCS5P0l7LfrBZRhgkkfuhlYS9voc9l8tGayYl05Eok
2026-02-23 14:57:08,906 - ScreenStreamer - INFO - Connecting to signaling server at ws://localhost:8000/api/v1/ws/ws?role=host&room_id=0bfe9f83-1225-43d7-9cdd-92886846778c&token=eyJhbGciOiJIUzI1NiIsInR5cCI6IkpXVCJ9.eyJzdWIiOiIwYmZlOWY4My0xMjI1LTQzZDctOWNkZC05Mjg4Njg0Njc3OGMiLCJleHAiOjQ5MjUyNTEwMTN9.MDCS5P0l7LfrBZRhgkkfuhlYS9voc9l8tGayYl05Eok
2026-02-23 14:57:11,118 - ScreenStreamer - INFO - Signaling WebSocket connected
2026-02-23 14:57:11,118 - ScreenStreamer - DEBUG - Received message type: offer
2026-02-23 14:57:11,118 - ScreenStreamer - INFO - Received WebRTC Offer. Initializing PeerConnection.
2026-02-23 14:57:16,176 - ScreenStreamer - INFO - Sent WebRTC Answer
2026-02-23 14:57:16,176 - ScreenStreamer - INFO - WebRTC Connection State: connecting
2026-02-23 14:57:16,239 - ScreenStreamer - INFO - WebRTC Connection State: connected
2026-02-23 14:58:49,430 - ScreenStreamer - ERROR - Signaling connection error:
Traceback (most recent call last):
  File "C:\Users\Vilas\AppData\Local\Programs\Python\Python310\lib\asyncio\windows_events.py", line 480, in finish_recv
    return ov.getresult()
OSError: [WinError 64] The specified network name is no longer available

During handling of the above exception, another exception occurred:

Traceback (most recent call last):
  File "C:\Users\Vilas\AppData\Local\Programs\Python\Python310\lib\asyncio\proactor_events.py", line 282, in _loop_reading
    length = fut.result()
  File "C:\Users\Vilas\AppData\Local\Programs\Python\Python310\lib\asyncio\windows_events.py", line 812, in _poll
    value = callback(transferred, key, ov)
  File "C:\Users\Vilas\AppData\Local\Programs\Python\Python310\lib\asyncio\windows_events.py", line 484, in finish_recv
    raise ConnectionResetError(*exc.args)
ConnectionResetError: [WinError 64] The specified network name is no longer available

The above exception was the direct cause of the following exception:

Traceback (most recent call last):
  File "C:\Users\Vilas\OneDrive\Desktop\WebRTC\employee-monitoring-system\client\streamer.py", line 143, in _connect_and_stream
    message_str = await asyncio.wait_for(ws.recv(), timeout=1.0)
  File "C:\Users\Vilas\AppData\Local\Programs\Python\Python310\lib\asyncio\tasks.py", line 447, in wait_for
    return fut.result()
  File "C:\Users\Vilas\OneDrive\Desktop\WebRTC\employee-monitoring-system\client\venv\lib\site-packages\websockets\asyncio\connection.py", line 324, in recv
    raise self.protocol.close_exc from self.recv_exc
websockets.exceptions.ConnectionClosedError: received 1012 (service restart); then sent 1012 (service restart)
2026-02-23 14:58:49,625 - ScreenStreamer - INFO - ScreenTrack stopped, releasing memory and capture resources.
2026-02-23 14:58:49,637 - ScreenStreamer - INFO - WebRTC Connection State: closed
2026-02-23 14:58:49,638 - ScreenStreamer - WARNING - Connection closed/failed. Triggering full memory cleanup.
2026-02-23 14:58:49,638 - ScreenStreamer - INFO - Connecting to signaling server at ws://localhost:8000/api/v1/ws/ws?role=host&room_id=0bfe9f83-1225-43d7-9cdd-92886846778c&token=eyJhbGciOiJIUzI1NiIsInR5cCI6IkpXVCJ9.eyJzdWIiOiIwYmZlOWY4My0xMjI1LTQzZDctOWNkZC05Mjg4Njg0Njc3OGMiLCJleHAiOjQ5MjUyNTEwMTN9.MDCS5P0l7LfrBZRhgkkfuhlYS9voc9l8tGayYl05Eok
2026-02-23 15:23:33,954 - ScreenStreamer - INFO - WebRTC streamer thread started. Target: ws://localhost:8000/api/v1/ws/ws?role=host&room_id=0bfe9f83-1225-43d7-9cdd-92886846778c&token=eyJhbGciOiJIUzI1NiIsInR5cCI6IkpXVCJ9.eyJzdWIiOiIwYmZlOWY4My0xMjI1LTQzZDctOWNkZC05Mjg4Njg0Njc3OGMiLCJleHAiOjQ5MjUyNTEwMTN9.MDCS5P0l7LfrBZRhgkkfuhlYS9voc9l8tGayYl05Eok
2026-02-23 15:23:33,958 - ScreenStreamer - INFO - Connecting to signaling server at ws://localhost:8000/api/v1/ws/ws?role=host&room_id=0bfe9f83-1225-43d7-9cdd-92886846778c&token=eyJhbGciOiJIUzI1NiIsInR5cCI6IkpXVCJ9.eyJzdWIiOiIwYmZlOWY4My0xMjI1LTQzZDctOWNkZC05Mjg4Njg0Njc3OGMiLCJleHAiOjQ5MjUyNTEwMTN9.MDCS5P0l7LfrBZRhgkkfuhlYS9voc9l8tGayYl05Eok
2026-02-23 15:23:36,113 - ScreenStreamer - INFO - Signaling WebSocket connected
2026-02-23 15:23:36,114 - ScreenStreamer - DEBUG - Received message type: offer
2026-02-23 15:23:36,114 - ScreenStreamer - INFO - Received WebRTC Offer. Initializing PeerConnection.
2026-02-23 15:23:41,205 - ScreenStreamer - INFO - Sent WebRTC Answer
2026-02-23 15:23:41,207 - ScreenStreamer - INFO - WebRTC Connection State: connecting
2026-02-23 15:23:41,255 - ScreenStreamer - INFO - WebRTC Connection State: connected
2026-02-23 15:23:45,471 - ScreenStreamer - INFO - ScreenTrack stopped, releasing memory and capture resources.
2026-02-23 15:23:45,483 - ScreenStreamer - INFO - WebRTC Connection State: closed
2026-02-23 15:23:45,483 - ScreenStreamer - WARNING - Connection closed/failed. Triggering full memory cleanup.
2026-02-23 15:23:48,077 - ScreenStreamer - INFO - WebRTC streamer stopping...
2026-02-23 15:23:55,141 - ScreenStreamer - INFO - WebRTC streamer thread started. Target: ws://localhost:8000/api/v1/ws/ws?role=host&room_id=0bfe9f83-1225-43d7-9cdd-92886846778c&token=eyJhbGciOiJIUzI1NiIsInR5cCI6IkpXVCJ9.eyJzdWIiOiIwYmZlOWY4My0xMjI1LTQzZDctOWNkZC05Mjg4Njg0Njc3OGMiLCJleHAiOjQ5MjUyNTEwMTN9.MDCS5P0l7LfrBZRhgkkfuhlYS9voc9l8tGayYl05Eok
2026-02-23 15:23:55,146 - ScreenStreamer - INFO - Connecting to signaling server at ws://localhost:8000/api/v1/ws/ws?role=host&room_id=0bfe9f83-1225-43d7-9cdd-92886846778c&token=eyJhbGciOiJIUzI1NiIsInR5cCI6IkpXVCJ9.eyJzdWIiOiIwYmZlOWY4My0xMjI1LTQzZDctOWNkZC05Mjg4Njg0Njc3OGMiLCJleHAiOjQ5MjUyNTEwMTN9.MDCS5P0l7LfrBZRhgkkfuhlYS9voc9l8tGayYl05Eok
2026-02-23 15:23:57,183 - ScreenStreamer - INFO - Signaling WebSocket connected
2026-02-23 15:23:57,183 - ScreenStreamer - DEBUG - Received message type: offer
2026-02-23 15:23:57,183 - ScreenStreamer - INFO - Received WebRTC Offer. Initializing PeerConnection.
2026-02-23 15:24:02,220 - ScreenStreamer - INFO - Sent WebRTC Answer
2026-02-23 15:24:02,220 - ScreenStreamer - INFO - WebRTC Connection State: connecting
2026-02-23 15:24:02,264 - ScreenStreamer - INFO - WebRTC Connection State: connected
2026-02-23 15:24:09,797 - ScreenStreamer - INFO - ScreenTrack stopped, releasing memory and capture resources.
2026-02-23 15:24:09,804 - ScreenStreamer - INFO - WebRTC Connection State: closed
2026-02-23 15:24:09,804 - ScreenStreamer - WARNING - Connection closed/failed. Triggering full memory cleanup.
2026-02-23 15:24:16,304 - ScreenStreamer - INFO - WebRTC streamer stopping...
2026-02-23 15:24:58,643 - ScreenStreamer - INFO - WebRTC streamer thread started. Target: ws://localhost:8000/api/v1/ws/ws?role=host&room_id=0bfe9f83-1225-43d7-9cdd-92886846778c&token=eyJhbGciOiJIUzI1NiIsInR5cCI6IkpXVCJ9.eyJzdWIiOiIwYmZlOWY4My0xMjI1LTQzZDctOWNkZC05Mjg4Njg0Njc3OGMiLCJleHAiOjQ5MjUyNTEwMTN9.MDCS5P0l7LfrBZRhgkkfuhlYS9voc9l8tGayYl05Eok
2026-02-23 15:24:58,647 - ScreenStreamer - INFO - Connecting to signaling server at ws://localhost:8000/api/v1/ws/ws?role=host&room_id=0bfe9f83-1225-43d7-9cdd-92886846778c&token=eyJhbGciOiJIUzI1NiIsInR5cCI6IkpXVCJ9.eyJzdWIiOiIwYmZlOWY4My0xMjI1LTQzZDctOWNkZC05Mjg4Njg0Njc3OGMiLCJleHAiOjQ5MjUyNTEwMTN9.MDCS5P0l7LfrBZRhgkkfuhlYS9voc9l8tGayYl05Eok
2026-02-23 15:25:00,680 - ScreenStreamer - INFO - Signaling WebSocket connected
2026-02-23 15:25:00,682 - ScreenStreamer - DEBUG - Received message type: offer
2026-02-23 15:25:00,682 - ScreenStreamer - INFO - Received WebRTC Offer. Initializing PeerConnection.
2026-02-23 15:25:05,718 - ScreenStreamer - INFO - Sent WebRTC Answer
2026-02-23 15:25:05,720 - ScreenStreamer - INFO - WebRTC Connection State: connecting
2026-02-23 15:25:05,770 - ScreenStreamer - INFO - WebRTC Connection State: connected
2026-02-23 15:33:51,677 - ScreenStreamer - INFO - ScreenTrack stopped, releasing memory and capture resources.
2026-02-23 15:33:51,688 - ScreenStreamer - INFO - WebRTC Connection State: closed
2026-02-23 15:33:51,688 - ScreenStreamer - WARNING - Connection closed/failed. Triggering full memory cleanup.
2026-02-23 15:33:55,007 - ScreenStreamer - INFO - WebRTC streamer stopping...
2026-02-23 15:34:02,074 - ScreenStreamer - INFO - WebRTC streamer thread started. Target: ws://localhost:8000/api/v1/ws/ws?role=host&room_id=0bfe9f83-1225-43d7-9cdd-92886846778c&token=eyJhbGciOiJIUzI1NiIsInR5cCI6IkpXVCJ9.eyJzdWIiOiIwYmZlOWY4My0xMjI1LTQzZDctOWNkZC05Mjg4Njg0Njc3OGMiLCJleHAiOjQ5MjUyNTEwMTN9.MDCS5P0l7LfrBZRhgkkfuhlYS9voc9l8tGayYl05Eok
2026-02-23 15:34:02,079 - ScreenStreamer - INFO - Connecting to signaling server at ws://localhost:8000/api/v1/ws/ws?role=host&room_id=0bfe9f83-1225-43d7-9cdd-92886846778c&token=eyJhbGciOiJIUzI1NiIsInR5cCI6IkpXVCJ9.eyJzdWIiOiIwYmZlOWY4My0xMjI1LTQzZDctOWNkZC05Mjg4Njg0Njc3OGMiLCJleHAiOjQ5MjUyNTEwMTN9.MDCS5P0l7LfrBZRhgkkfuhlYS9voc9l8tGayYl05Eok
2026-02-23 15:34:04,131 - ScreenStreamer - INFO - Signaling WebSocket connected
2026-02-23 15:34:04,132 - ScreenStreamer - DEBUG - Received message type: offer
2026-02-23 15:34:04,132 - ScreenStreamer - INFO - Received WebRTC Offer. Initializing PeerConnection.
2026-02-23 15:34:09,151 - ScreenStreamer - INFO - Sent WebRTC Answer
2026-02-23 15:34:09,152 - ScreenStreamer - INFO - WebRTC Connection State: connecting
2026-02-23 15:34:09,194 - ScreenStreamer - INFO - WebRTC Connection State: connected
2026-02-23 15:34:14,431 - ScreenStreamer - INFO - ScreenTrack stopped, releasing memory and capture resources.
2026-02-23 15:34:14,437 - ScreenStreamer - INFO - WebRTC Connection State: closed
2026-02-23 15:34:14,437 - ScreenStreamer - WARNING - Connection closed/failed. Triggering full memory cleanup.
2026-02-23 15:34:16,190 - ScreenStreamer - INFO - WebRTC streamer stopping...
2026-02-23 15:34:23,255 - ScreenStreamer - INFO - WebRTC streamer thread started. Target: ws://localhost:8000/api/v1/ws/ws?role=host&room_id=0bfe9f83-1225-43d7-9cdd-92886846778c&token=eyJhbGciOiJIUzI1NiIsInR5cCI6IkpXVCJ9.eyJzdWIiOiIwYmZlOWY4My0xMjI1LTQzZDctOWNkZC05Mjg4Njg0Njc3OGMiLCJleHAiOjQ5MjUyNTEwMTN9.MDCS5P0l7LfrBZRhgkkfuhlYS9voc9l8tGayYl05Eok
2026-02-23 15:34:23,262 - ScreenStreamer - INFO - Connecting to signaling server at ws://localhost:8000/api/v1/ws/ws?role=host&room_id=0bfe9f83-1225-43d7-9cdd-92886846778c&token=eyJhbGciOiJIUzI1NiIsInR5cCI6IkpXVCJ9.eyJzdWIiOiIwYmZlOWY4My0xMjI1LTQzZDctOWNkZC05Mjg4Njg0Njc3OGMiLCJleHAiOjQ5MjUyNTEwMTN9.MDCS5P0l7LfrBZRhgkkfuhlYS9voc9l8tGayYl05Eok
2026-02-23 15:34:25,295 - ScreenStreamer - INFO - Signaling WebSocket connected
2026-02-23 15:34:25,296 - ScreenStreamer - DEBUG - Received message type: offer
2026-02-23 15:34:25,296 - ScreenStreamer - INFO - Received WebRTC Offer. Initializing PeerConnection.
2026-02-23 15:34:30,321 - ScreenStreamer - INFO - Sent WebRTC Answer
2026-02-23 15:34:30,323 - ScreenStreamer - INFO - WebRTC Connection State: connecting
2026-02-23 15:34:30,374 - ScreenStreamer - INFO - WebRTC Connection State: connected
2026-02-23 15:34:55,057 - ScreenStreamer - INFO - ScreenTrack stopped, releasing memory and capture resources.
2026-02-23 15:34:55,066 - ScreenStreamer - INFO - WebRTC Connection State: closed
2026-02-23 15:34:55,066 - ScreenStreamer - WARNING - Connection closed/failed. Triggering full memory cleanup.
2026-02-23 15:34:58,505 - ScreenStreamer - INFO - WebRTC streamer stopping...
2026-02-23 15:36:31,185 - ScreenStreamer - INFO - WebRTC streamer thread started. Target: ws://localhost:8000/api/v1/ws/ws?role=host&room_id=0bfe9f83-1225-43d7-9cdd-92886846778c&token=eyJhbGciOiJIUzI1NiIsInR5cCI6IkpXVCJ9.eyJzdWIiOiIwYmZlOWY4My0xMjI1LTQzZDctOWNkZC05Mjg4Njg0Njc3OGMiLCJleHAiOjQ5MjUyNTEwMTN9.MDCS5P0l7LfrBZRhgkkfuhlYS9voc9l8tGayYl05Eok
2026-02-23 15:36:31,191 - ScreenStreamer - INFO - Connecting to signaling server at ws://localhost:8000/api/v1/ws/ws?role=host&room_id=0bfe9f83-1225-43d7-9cdd-92886846778c&token=eyJhbGciOiJIUzI1NiIsInR5cCI6IkpXVCJ9.eyJzdWIiOiIwYmZlOWY4My0xMjI1LTQzZDctOWNkZC05Mjg4Njg0Njc3OGMiLCJleHAiOjQ5MjUyNTEwMTN9.MDCS5P0l7LfrBZRhgkkfuhlYS9voc9l8tGayYl05Eok
2026-02-23 15:36:33,305 - ScreenStreamer - INFO - Signaling WebSocket connected
2026-02-23 15:36:33,305 - ScreenStreamer - DEBUG - Received message type: offer
2026-02-23 15:36:33,305 - ScreenStreamer - INFO - Received WebRTC Offer. Initializing PeerConnection.
2026-02-23 15:36:38,366 - ScreenStreamer - INFO - Sent WebRTC Answer
2026-02-23 15:36:38,366 - ScreenStreamer - INFO - WebRTC Connection State: connecting
2026-02-23 15:36:39,953 - ScreenStreamer - INFO - WebRTC Connection State: connected
2026-02-23 15:36:48,218 - ScreenStreamer - INFO - ScreenTrack stopped, releasing memory and capture resources.
2026-02-23 15:36:48,226 - ScreenStreamer - INFO - WebRTC Connection State: closed
2026-02-23 15:36:48,227 - ScreenStreamer - WARNING - Connection closed/failed. Triggering full memory cleanup.
2026-02-23 15:36:52,346 - ScreenStreamer - INFO - WebRTC streamer stopping...
2026-02-23 15:37:06,470 - ScreenStreamer - INFO - WebRTC streamer thread started. Target: ws://localhost:8000/api/v1/ws/ws?role=host&room_id=0bfe9f83-1225-43d7-9cdd-92886846778c&token=eyJhbGciOiJIUzI1NiIsInR5cCI6IkpXVCJ9.eyJzdWIiOiIwYmZlOWY4My0xMjI1LTQzZDctOWNkZC05Mjg4Njg0Njc3OGMiLCJleHAiOjQ5MjUyNTEwMTN9.MDCS5P0l7LfrBZRhgkkfuhlYS9voc9l8tGayYl05Eok
2026-02-23 15:37:06,477 - ScreenStreamer - INFO - Connecting to signaling server at ws://localhost:8000/api/v1/ws/ws?role=host&room_id=0bfe9f83-1225-43d7-9cdd-92886846778c&token=eyJhbGciOiJIUzI1NiIsInR5cCI6IkpXVCJ9.eyJzdWIiOiIwYmZlOWY4My0xMjI1LTQzZDctOWNkZC05Mjg4Njg0Njc3OGMiLCJleHAiOjQ5MjUyNTEwMTN9.MDCS5P0l7LfrBZRhgkkfuhlYS9voc9l8tGayYl05Eok
2026-02-23 15:37:08,528 - ScreenStreamer - INFO - Signaling WebSocket connected
2026-02-23 15:37:08,530 - ScreenStreamer - DEBUG - Received message type: offer
2026-02-23 15:37:08,530 - ScreenStreamer - INFO - Received WebRTC Offer. Initializing PeerConnection.
2026-02-23 15:37:13,564 - ScreenStreamer - INFO - Sent WebRTC Answer
2026-02-23 15:37:13,564 - ScreenStreamer - INFO - WebRTC Connection State: connecting
2026-02-23 15:37:13,621 - ScreenStreamer - INFO - WebRTC Connection State: connected
2026-02-23 15:37:19,114 - ScreenStreamer - INFO - ScreenTrack stopped, releasing memory and capture resources.
2026-02-23 15:37:19,121 - ScreenStreamer - INFO - WebRTC Connection State: closed
2026-02-23 15:37:19,121 - ScreenStreamer - WARNING - Connection closed/failed. Triggering full memory cleanup.
2026-02-23 15:37:20,559 - ScreenStreamer - INFO - WebRTC streamer stopping...
2026-02-23 15:37:27,630 - ScreenStreamer - INFO - WebRTC streamer thread started. Target: ws://localhost:8000/api/v1/ws/ws?role=host&room_id=0bfe9f83-1225-43d7-9cdd-92886846778c&token=eyJhbGciOiJIUzI1NiIsInR5cCI6IkpXVCJ9.eyJzdWIiOiIwYmZlOWY4My0xMjI1LTQzZDctOWNkZC05Mjg4Njg0Njc3OGMiLCJleHAiOjQ5MjUyNTEwMTN9.MDCS5P0l7LfrBZRhgkkfuhlYS9voc9l8tGayYl05Eok
2026-02-23 15:37:27,634 - ScreenStreamer - INFO - Connecting to signaling server at ws://localhost:8000/api/v1/ws/ws?role=host&room_id=0bfe9f83-1225-43d7-9cdd-92886846778c&token=eyJhbGciOiJIUzI1NiIsInR5cCI6IkpXVCJ9.eyJzdWIiOiIwYmZlOWY4My0xMjI1LTQzZDctOWNkZC05Mjg4Njg0Njc3OGMiLCJleHAiOjQ5MjUyNTEwMTN9.MDCS5P0l7LfrBZRhgkkfuhlYS9voc9l8tGayYl05Eok
2026-02-23 15:37:29,676 - ScreenStreamer - INFO - Signaling WebSocket connected
2026-02-23 15:37:29,678 - ScreenStreamer - DEBUG - Received message type: offer
2026-02-23 15:37:29,678 - ScreenStreamer - INFO - Received WebRTC Offer. Initializing PeerConnection.
2026-02-23 15:37:34,714 - ScreenStreamer - INFO - Sent WebRTC Answer
2026-02-23 15:37:34,715 - ScreenStreamer - INFO - WebRTC Connection State: connecting
2026-02-23 15:37:35,456 - ScreenStreamer - INFO - WebRTC Connection State: connected
2026-02-23 15:37:38,321 - ScreenStreamer - INFO - ScreenTrack stopped, releasing memory and capture resources.
2026-02-23 15:37:38,328 - ScreenStreamer - INFO - WebRTC Connection State: closed
2026-02-23 15:37:38,328 - ScreenStreamer - WARNING - Connection closed/failed. Triggering full memory cleanup.
2026-02-23 15:37:41,045 - ScreenStreamer - DEBUG - Received message type: offer
2026-02-23 15:37:41,045 - ScreenStreamer - INFO - Received WebRTC Offer. Initializing PeerConnection.
2026-02-23 15:37:41,757 - ScreenStreamer - INFO - WebRTC streamer stopping...
2026-02-23 15:37:41,762 - ScreenStreamer - INFO - WebRTC streamer thread started. Target: ws://localhost:8000/api/v1/ws/ws?role=host&room_id=0bfe9f83-1225-43d7-9cdd-92886846778c&token=eyJhbGciOiJIUzI1NiIsInR5cCI6IkpXVCJ9.eyJzdWIiOiIwYmZlOWY4My0xMjI1LTQzZDctOWNkZC05Mjg4Njg0Njc3OGMiLCJleHAiOjQ5MjUyNTEwMTN9.MDCS5P0l7LfrBZRhgkkfuhlYS9voc9l8tGayYl05Eok
2026-02-23 15:37:41,768 - ScreenStreamer - INFO - Connecting to signaling server at ws://localhost:8000/api/v1/ws/ws?role=host&room_id=0bfe9f83-1225-43d7-9cdd-92886846778c&token=eyJhbGciOiJIUzI1NiIsInR5cCI6IkpXVCJ9.eyJzdWIiOiIwYmZlOWY4My0xMjI1LTQzZDctOWNkZC05Mjg4Njg0Njc3OGMiLCJleHAiOjQ5MjUyNTEwMTN9.MDCS5P0l7LfrBZRhgkkfuhlYS9voc9l8tGayYl05Eok
2026-02-23 15:37:43,806 - ScreenStreamer - INFO - Signaling WebSocket connected
2026-02-23 15:37:43,820 - ScreenStreamer - DEBUG - Received message type: offer
2026-02-23 15:37:43,821 - ScreenStreamer - INFO - Received WebRTC Offer. Initializing PeerConnection.
2026-02-23 15:37:46,091 - ScreenStreamer - ERROR - Signaling connection error:
Traceback (most recent call last):
  File "C:\Users\Vilas\OneDrive\Desktop\WebRTC\employee-monitoring-system\client\streamer.py", line 203, in _connect_and_stream
    await ws.send(json.dumps({
  File "C:\Users\Vilas\OneDrive\Desktop\WebRTC\employee-monitoring-system\client\venv\lib\site-packages\websockets\asyncio\connection.py", line 478, in send
    async with self.send_context():
  File "C:\Users\Vilas\AppData\Local\Programs\Python\Python310\lib\contextlib.py", line 199, in __aenter__
    return await anext(self.gen)
  File "C:\Users\Vilas\OneDrive\Desktop\WebRTC\employee-monitoring-system\client\venv\lib\site-packages\websockets\asyncio\connection.py", line 965, in send_context
    raise self.protocol.close_exc from original_exc
websockets.exceptions.ConnectionClosedOK: received 1000 (OK); then sent 1000 (OK)
2026-02-23 15:37:46,199 - ScreenStreamer - INFO - WebRTC Connection State: closed
2026-02-23 15:37:46,199 - ScreenStreamer - WARNING - Connection closed/failed. Triggering full memory cleanup.
2026-02-23 15:37:46,199 - ScreenStreamer - INFO - ScreenTrack stopped, releasing memory and capture resources.
2026-02-23 15:37:48,850 - ScreenStreamer - INFO - Sent WebRTC Answer
2026-02-23 15:37:48,850 - ScreenStreamer - INFO - WebRTC Connection State: connecting
2026-02-23 15:37:50,040 - ScreenStreamer - INFO - WebRTC Connection State: connected
2026-02-23 15:42:03,953 - ScreenStreamer - INFO - ScreenTrack stopped, releasing memory and capture resources.
2026-02-23 15:42:03,961 - ScreenStreamer - INFO - WebRTC Connection State: closed
2026-02-23 15:42:03,961 - ScreenStreamer - WARNING - Connection closed/failed. Triggering full memory cleanup.
2026-02-23 15:42:09,955 - ScreenStreamer - INFO - WebRTC streamer stopping...
2026-02-23 15:42:17,009 - ScreenStreamer - INFO - WebRTC streamer thread started. Target: ws://localhost:8000/api/v1/ws/ws?role=host&room_id=0bfe9f83-1225-43d7-9cdd-92886846778c&token=eyJhbGciOiJIUzI1NiIsInR5cCI6IkpXVCJ9.eyJzdWIiOiIwYmZlOWY4My0xMjI1LTQzZDctOWNkZC05Mjg4Njg0Njc3OGMiLCJleHAiOjQ5MjUyNTEwMTN9.MDCS5P0l7LfrBZRhgkkfuhlYS9voc9l8tGayYl05Eok
2026-02-23 15:42:17,014 - ScreenStreamer - INFO - Connecting to signaling server at ws://localhost:8000/api/v1/ws/ws?role=host&room_id=0bfe9f83-1225-43d7-9cdd-92886846778c&token=eyJhbGciOiJIUzI1NiIsInR5cCI6IkpXVCJ9.eyJzdWIiOiIwYmZlOWY4My0xMjI1LTQzZDctOWNkZC05Mjg4Njg0Njc3OGMiLCJleHAiOjQ5MjUyNTEwMTN9.MDCS5P0l7LfrBZRhgkkfuhlYS9voc9l8tGayYl05Eok
2026-02-23 15:42:19,048 - ScreenStreamer - INFO - Signaling WebSocket connected
2026-02-23 15:42:19,049 - ScreenStreamer - DEBUG - Received message type: offer
2026-02-23 15:42:19,049 - ScreenStreamer - INFO - Received WebRTC Offer. Initializing PeerConnection.
2026-02-23 15:42:24,086 - ScreenStreamer - INFO - Sent WebRTC Answer
2026-02-23 15:42:24,087 - ScreenStreamer - INFO - WebRTC Connection State: connecting
2026-02-23 15:42:24,124 - ScreenStreamer - INFO - WebRTC Connection State: connected
2026-02-23 15:48:01,882 - ScreenStreamer - ERROR - Capture failed: 
2026-02-23 15:48:01,998 - ScreenStreamer - INFO - ScreenTrack stopped, releasing memory and capture resources.
2026-02-23 15:48:49,204 - ScreenStreamer - ERROR - Signaling connection error:
Traceback (most recent call last):
  File "C:\Users\Vilas\AppData\Local\Programs\Python\Python310\lib\asyncio\windows_events.py", line 480, in finish_recv
    return ov.getresult()
OSError: [WinError 64] The specified network name is no longer available

During handling of the above exception, another exception occurred:

Traceback (most recent call last):
  File "C:\Users\Vilas\AppData\Local\Programs\Python\Python310\lib\asyncio\proactor_events.py", line 282, in _loop_reading
    length = fut.result()
  File "C:\Users\Vilas\AppData\Local\Programs\Python\Python310\lib\asyncio\windows_events.py", line 812, in _poll
    value = callback(transferred, key, ov)
  File "C:\Users\Vilas\AppData\Local\Programs\Python\Python310\lib\asyncio\windows_events.py", line 484, in finish_recv
    raise ConnectionResetError(*exc.args)
ConnectionResetError: [WinError 64] The specified network name is no longer available

The above exception was the direct cause of the following exception:

Traceback (most recent call last):
  File "C:\Users\Vilas\OneDrive\Desktop\WebRTC\employee-monitoring-system\client\streamer.py", line 143, in _connect_and_stream
    message_str = await asyncio.wait_for(ws.recv(), timeout=1.0)
  File "C:\Users\Vilas\AppData\Local\Programs\Python\Python310\lib\asyncio\tasks.py", line 447, in wait_for
    return fut.result()
  File "C:\Users\Vilas\OneDrive\Desktop\WebRTC\employee-monitoring-system\client\venv\lib\site-packages\websockets\asyncio\connection.py", line 324, in recv
    raise self.protocol.close_exc from self.recv_exc
websockets.exceptions.ConnectionClosedError: received 1012 (service restart); then sent 1012 (service restart)
2026-02-23 15:48:49,213 - ScreenStreamer - INFO - WebRTC Connection State: closed
2026-02-23 15:48:49,214 - ScreenStreamer - WARNING - Connection closed/failed. Triggering full memory cleanup.
2026-02-23 15:48:49,214 - ScreenStreamer - INFO - Connecting to signaling server at ws://localhost:8000/api/v1/ws/ws?role=host&room_id=0bfe9f83-1225-43d7-9cdd-92886846778c&token=eyJhbGciOiJIUzI1NiIsInR5cCI6IkpXVCJ9.eyJzdWIiOiIwYmZlOWY4My0xMjI1LTQzZDctOWNkZC05Mjg4Njg0Njc3OGMiLCJleHAiOjQ5MjUyNTEwMTN9.MDCS5P0l7LfrBZRhgkkfuhlYS9voc9l8tGayYl05Eok
2026-02-23 16:47:18,218 - ScreenStreamer - INFO - WebRTC streamer thread started. Target: ws://localhost:8000/api/v1/ws/ws?role=host&room_id=0bfe9f83-1225-43d7-9cdd-92886846778c&token=eyJhbGciOiJIUzI1NiIsInR5cCI6IkpXVCJ9.eyJzdWIiOiIwYmZlOWY4My0xMjI1LTQzZDctOWNkZC05Mjg4Njg0Njc3OGMiLCJleHAiOjQ5MjUyNTEwMTN9.MDCS5P0l7LfrBZRhgkkfuhlYS9voc9l8tGayYl05Eok
2026-02-23 16:47:18,234 - ScreenStreamer - INFO - Connecting to signaling server at ws://localhost:8000/api/v1/ws/ws?role=host&room_id=0bfe9f83-1225-43d7-9cdd-92886846778c&token=eyJhbGciOiJIUzI1NiIsInR5cCI6IkpXVCJ9.eyJzdWIiOiIwYmZlOWY4My0xMjI1LTQzZDctOWNkZC05Mjg4Njg0Njc3OGMiLCJleHAiOjQ5MjUyNTEwMTN9.MDCS5P0l7LfrBZRhgkkfuhlYS9voc9l8tGayYl05Eok
2026-02-23 16:47:20,599 - ScreenStreamer - INFO - Signaling WebSocket connected
2026-02-23 16:47:53,489 - ScreenStreamer - INFO - WebRTC streamer stopping...
2026-02-23 16:48:49,931 - ScreenStreamer - INFO - WebRTC streamer thread started. Target: ws://localhost:8000/api/v1/ws/ws?role=host&room_id=0bfe9f83-1225-43d7-9cdd-92886846778c&token=eyJhbGciOiJIUzI1NiIsInR5cCI6IkpXVCJ9.eyJzdWIiOiIwYmZlOWY4My0xMjI1LTQzZDctOWNkZC05Mjg4Njg0Njc3OGMiLCJleHAiOjQ5MjUyNTEwMTN9.MDCS5P0l7LfrBZRhgkkfuhlYS9voc9l8tGayYl05Eok
2026-02-23 16:48:49,947 - ScreenStreamer - INFO - Connecting to signaling server at ws://localhost:8000/api/v1/ws/ws?role=host&room_id=0bfe9f83-1225-43d7-9cdd-92886846778c&token=eyJhbGciOiJIUzI1NiIsInR5cCI6IkpXVCJ9.eyJzdWIiOiIwYmZlOWY4My0xMjI1LTQzZDctOWNkZC05Mjg4Njg0Njc3OGMiLCJleHAiOjQ5MjUyNTEwMTN9.MDCS5P0l7LfrBZRhgkkfuhlYS9voc9l8tGayYl05Eok
2026-02-23 16:48:51,984 - ScreenStreamer - INFO - Signaling WebSocket connected
2026-02-23 16:52:07,529 - ScreenStreamer - INFO - WebRTC streamer stopping...
2026-02-23 16:52:14,585 - ScreenStreamer - INFO - WebRTC streamer thread started. Target: ws://localhost:8000/api/v1/ws/ws?role=host&room_id=0bfe9f83-1225-43d7-9cdd-92886846778c&token=eyJhbGciOiJIUzI1NiIsInR5cCI6IkpXVCJ9.eyJzdWIiOiIwYmZlOWY4My0xMjI1LTQzZDctOWNkZC05Mjg4Njg0Njc3OGMiLCJleHAiOjQ5MjUyNTEwMTN9.MDCS5P0l7LfrBZRhgkkfuhlYS9voc9l8tGayYl05Eok
2026-02-23 16:52:14,590 - ScreenStreamer - INFO - Connecting to signaling server at ws://localhost:8000/api/v1/ws/ws?role=host&room_id=0bfe9f83-1225-43d7-9cdd-92886846778c&token=eyJhbGciOiJIUzI1NiIsInR5cCI6IkpXVCJ9.eyJzdWIiOiIwYmZlOWY4My0xMjI1LTQzZDctOWNkZC05Mjg4Njg0Njc3OGMiLCJleHAiOjQ5MjUyNTEwMTN9.MDCS5P0l7LfrBZRhgkkfuhlYS9voc9l8tGayYl05Eok
2026-02-23 16:52:16,643 - ScreenStreamer - INFO - Signaling WebSocket connected
2026-02-23 16:55:32,064 - ScreenStreamer - INFO - WebRTC streamer stopping...
2026-02-23 16:57:57,972 - ScreenStreamer - INFO - WebRTC streamer thread started. Target: ws://localhost:8000/api/v1/ws/ws?role=host&room_id=0bfe9f83-1225-43d7-9cdd-92886846778c&token=eyJhbGciOiJIUzI1NiIsInR5cCI6IkpXVCJ9.eyJzdWIiOiIwYmZlOWY4My0xMjI1LTQzZDctOWNkZC05Mjg4Njg0Njc3OGMiLCJleHAiOjQ5MjU0NDYwNTJ9.WJyygtCzvGJbXIZbyXmvM32TnnOTS_T5oZA_zQDTvxM
2026-02-23 16:57:57,978 - ScreenStreamer - INFO - Connecting to signaling server at ws://localhost:8000/api/v1/ws/ws?role=host&room_id=0bfe9f83-1225-43d7-9cdd-92886846778c&token=eyJhbGciOiJIUzI1NiIsInR5cCI6IkpXVCJ9.eyJzdWIiOiIwYmZlOWY4My0xMjI1LTQzZDctOWNkZC05Mjg4Njg0Njc3OGMiLCJleHAiOjQ5MjU0NDYwNTJ9.WJyygtCzvGJbXIZbyXmvM32TnnOTS_T5oZA_zQDTvxM
2026-02-23 16:58:00,120 - ScreenStreamer - INFO - Signaling WebSocket connected
2026-02-23 16:58:00,122 - ScreenStreamer - DEBUG - Received message type: offer
2026-02-23 16:58:00,122 - ScreenStreamer - INFO - Received WebRTC Offer. Initializing PeerConnection.
2026-02-23 16:58:05,173 - ScreenStreamer - INFO - Sent WebRTC Answer
2026-02-23 16:58:05,173 - ScreenStreamer - INFO - WebRTC Connection State: connecting
2026-02-23 16:58:05,228 - ScreenStreamer - INFO - WebRTC Connection State: connected
2026-02-23 16:58:23,578 - ScreenStreamer - INFO - ScreenTrack stopped, releasing memory and capture resources.
2026-02-23 16:58:23,579 - ScreenStreamer - INFO - WebRTC Connection State: closed
2026-02-23 16:58:23,579 - ScreenStreamer - WARNING - Connection closed/failed. Triggering full memory cleanup.
2026-02-23 16:58:26,232 - ScreenStreamer - INFO - WebRTC streamer stopping...
2026-02-23 16:58:33,280 - ScreenStreamer - INFO - WebRTC streamer thread started. Target: ws://localhost:8000/api/v1/ws/ws?role=host&room_id=0bfe9f83-1225-43d7-9cdd-92886846778c&token=eyJhbGciOiJIUzI1NiIsInR5cCI6IkpXVCJ9.eyJzdWIiOiIwYmZlOWY4My0xMjI1LTQzZDctOWNkZC05Mjg4Njg0Njc3OGMiLCJleHAiOjQ5MjU0NDYwNTJ9.WJyygtCzvGJbXIZbyXmvM32TnnOTS_T5oZA_zQDTvxM
2026-02-23 16:58:33,283 - ScreenStreamer - INFO - Connecting to signaling server at ws://localhost:8000/api/v1/ws/ws?role=host&room_id=0bfe9f83-1225-43d7-9cdd-92886846778c&token=eyJhbGciOiJIUzI1NiIsInR5cCI6IkpXVCJ9.eyJzdWIiOiIwYmZlOWY4My0xMjI1LTQzZDctOWNkZC05Mjg4Njg0Njc3OGMiLCJleHAiOjQ5MjU0NDYwNTJ9.WJyygtCzvGJbXIZbyXmvM32TnnOTS_T5oZA_zQDTvxM
2026-02-23 16:58:35,330 - ScreenStreamer - INFO - Signaling WebSocket connected
2026-02-23 16:58:35,331 - ScreenStreamer - DEBUG - Received message type: offer
2026-02-23 16:58:35,331 - ScreenStreamer - INFO - Received WebRTC Offer. Initializing PeerConnection.
2026-02-23 16:58:40,365 - ScreenStreamer - INFO - Sent WebRTC Answer
2026-02-23 16:58:40,365 - ScreenStreamer - INFO - WebRTC Connection State: connecting
2026-02-23 16:58:40,400 - ScreenStreamer - INFO - WebRTC Connection State: connected
2026-02-23 17:10:34,784 - ScreenStreamer - INFO - ScreenTrack stopped, releasing memory and capture resources.
2026-02-23 17:10:34,792 - ScreenStreamer - INFO - WebRTC Connection State: closed
2026-02-23 17:10:34,792 - ScreenStreamer - WARNING - Connection closed/failed. Triggering full memory cleanup.
2026-02-23 17:10:41,120 - ScreenStreamer - INFO - WebRTC streamer stopping...
2026-02-23 17:27:58,567 - ScreenStreamer - INFO - WebRTC streamer thread started. Target: ws://localhost:8000/api/v1/ws/ws?role=host&room_id=0bfe9f83-1225-43d7-9cdd-92886846778c&token=eyJhbGciOiJIUzI1NiIsInR5cCI6IkpXVCJ9.eyJzdWIiOiIwYmZlOWY4My0xMjI1LTQzZDctOWNkZC05Mjg4Njg0Njc3OGMiLCJleHAiOjQ5MjU0NDYwNTJ9.WJyygtCzvGJbXIZbyXmvM32TnnOTS_T5oZA_zQDTvxM
2026-02-23 17:27:58,571 - ScreenStreamer - INFO - Connecting to signaling server at ws://localhost:8000/api/v1/ws/ws?role=host&room_id=0bfe9f83-1225-43d7-9cdd-92886846778c&token=eyJhbGciOiJIUzI1NiIsInR5cCI6IkpXVCJ9.eyJzdWIiOiIwYmZlOWY4My0xMjI1LTQzZDctOWNkZC05Mjg4Njg0Njc3OGMiLCJleHAiOjQ5MjU0NDYwNTJ9.WJyygtCzvGJbXIZbyXmvM32TnnOTS_T5oZA_zQDTvxM
2026-02-23 17:28:00,624 - ScreenStreamer - INFO - Signaling WebSocket connected
2026-02-23 17:28:00,624 - ScreenStreamer - DEBUG - Received message type: offer
2026-02-23 17:28:00,624 - ScreenStreamer - INFO - Received WebRTC Offer. Initializing PeerConnection.
2026-02-23 17:28:05,660 - ScreenStreamer - INFO - Sent WebRTC Answer
2026-02-23 17:28:05,660 - ScreenStreamer - INFO - WebRTC Connection State: connecting
2026-02-23 17:28:06,718 - ScreenStreamer - INFO - WebRTC Connection State: connected
2026-02-23 17:28:18,947 - ScreenStreamer - DEBUG - Received message type: offer
2026-02-23 17:28:18,948 - ScreenStreamer - INFO - Received WebRTC Offer. Initializing PeerConnection.
2026-02-23 17:28:18,948 - ScreenStreamer - INFO - ScreenTrack stopped, releasing memory and capture resources.
2026-02-23 17:28:18,949 - ScreenStreamer - INFO - ScreenTrack stopped, releasing memory and capture resources.
2026-02-23 17:28:18,952 - ScreenStreamer - INFO - WebRTC Connection State: closed
2026-02-23 17:28:18,953 - ScreenStreamer - WARNING - Connection closed/failed. Triggering full memory cleanup.
2026-02-23 17:28:23,981 - ScreenStreamer - INFO - Sent WebRTC Answer
2026-02-23 17:28:23,983 - ScreenStreamer - INFO - WebRTC Connection State: connecting
2026-02-23 17:28:23,983 - ScreenStreamer - DEBUG - Received message type: ice_candidate
2026-02-23 17:28:23,996 - ScreenStreamer - DEBUG - Received message type: ice_candidate
2026-02-23 17:28:24,032 - ScreenStreamer - INFO - WebRTC Connection State: connected
2026-02-23 17:28:40,777 - ScreenStreamer - DEBUG - Received message type: offer
2026-02-23 17:28:40,777 - ScreenStreamer - INFO - Received WebRTC Offer. Initializing PeerConnection.
2026-02-23 17:28:40,777 - ScreenStreamer - INFO - ScreenTrack stopped, releasing memory and capture resources.
2026-02-23 17:28:40,777 - ScreenStreamer - INFO - ScreenTrack stopped, releasing memory and capture resources.
2026-02-23 17:28:40,787 - ScreenStreamer - INFO - WebRTC Connection State: closed
2026-02-23 17:28:40,787 - ScreenStreamer - WARNING - Connection closed/failed. Triggering full memory cleanup.
2026-02-23 17:28:45,805 - ScreenStreamer - INFO - Sent WebRTC Answer
2026-02-23 17:28:45,807 - ScreenStreamer - INFO - WebRTC Connection State: connecting
2026-02-23 17:28:45,808 - ScreenStreamer - DEBUG - Received message type: ice_candidate
2026-02-23 17:28:45,814 - ScreenStreamer - DEBUG - Received message type: ice_candidate
2026-02-23 17:28:45,843 - ScreenStreamer - INFO - WebRTC Connection State: connected
2026-02-23 17:29:32,514 - ScreenStreamer - INFO - ScreenTrack stopped, releasing memory and capture resources.
2026-02-23 17:29:32,519 - ScreenStreamer - INFO - WebRTC Connection State: closed
2026-02-23 17:29:32,521 - ScreenStreamer - WARNING - Connection closed/failed. Triggering full memory cleanup.
2026-02-23 17:29:37,450 - ScreenStreamer - INFO - WebRTC streamer stopping...
2026-02-23 17:32:55,029 - ScreenStreamer - INFO - WebRTC streamer thread started. Target: ws://localhost:8000/api/v1/ws/ws?role=host&room_id=0bfe9f83-1225-43d7-9cdd-92886846778c&token=eyJhbGciOiJIUzI1NiIsInR5cCI6IkpXVCJ9.eyJzdWIiOiIwYmZlOWY4My0xMjI1LTQzZDctOWNkZC05Mjg4Njg0Njc3OGMiLCJleHAiOjQ5MjU0NDYwNTJ9.WJyygtCzvGJbXIZbyXmvM32TnnOTS_T5oZA_zQDTvxM
2026-02-23 17:32:55,035 - ScreenStreamer - INFO - Connecting to signaling server at ws://localhost:8000/api/v1/ws/ws?role=host&room_id=0bfe9f83-1225-43d7-9cdd-92886846778c&token=eyJhbGciOiJIUzI1NiIsInR5cCI6IkpXVCJ9.eyJzdWIiOiIwYmZlOWY4My0xMjI1LTQzZDctOWNkZC05Mjg4Njg0Njc3OGMiLCJleHAiOjQ5MjU0NDYwNTJ9.WJyygtCzvGJbXIZbyXmvM32TnnOTS_T5oZA_zQDTvxM
2026-02-23 17:32:57,072 - ScreenStreamer - INFO - Signaling WebSocket connected
2026-02-23 17:32:57,073 - ScreenStreamer - DEBUG - Received message type: offer
2026-02-23 17:32:57,073 - ScreenStreamer - INFO - Received WebRTC Offer. Initializing PeerConnection.
2026-02-23 17:33:02,112 - ScreenStreamer - INFO - Sent WebRTC Answer
2026-02-23 17:33:02,113 - ScreenStreamer - INFO - WebRTC Connection State: connecting
2026-02-23 17:33:02,147 - ScreenStreamer - INFO - WebRTC Connection State: connected
2026-02-23 18:06:53,771 - ScreenStreamer - CRITICAL - WARNING: Captured frame is 100% black. Check OS Screen Recording Permissions.
2026-02-23 18:38:12,847 - ScreenStreamer - INFO - ScreenTrack stopped, releasing memory and capture resources.
2026-02-23 18:38:12,852 - ScreenStreamer - INFO - WebRTC Connection State: closed
2026-02-23 18:38:12,852 - ScreenStreamer - WARNING - Connection closed/failed. Triggering full memory cleanup.
2026-02-24 10:18:52,179 - ScreenStreamer - INFO - WebRTC streamer thread started. Target: ws://localhost:8000/api/v1/ws/ws?role=host&room_id=0bfe9f83-1225-43d7-9cdd-92886846778c&token=eyJhbGciOiJIUzI1NiIsInR5cCI6IkpXVCJ9.eyJzdWIiOiIwYmZlOWY4My0xMjI1LTQzZDctOWNkZC05Mjg4Njg0Njc3OGMiLCJleHAiOjQ5MjU0NDYwNTJ9.WJyygtCzvGJbXIZbyXmvM32TnnOTS_T5oZA_zQDTvxM
2026-02-24 10:18:52,188 - ScreenStreamer - INFO - Connecting to signaling server at ws://localhost:8000/api/v1/ws/ws?role=host&room_id=0bfe9f83-1225-43d7-9cdd-92886846778c&token=eyJhbGciOiJIUzI1NiIsInR5cCI6IkpXVCJ9.eyJzdWIiOiIwYmZlOWY4My0xMjI1LTQzZDctOWNkZC05Mjg4Njg0Njc3OGMiLCJleHAiOjQ5MjU0NDYwNTJ9.WJyygtCzvGJbXIZbyXmvM32TnnOTS_T5oZA_zQDTvxM
2026-02-24 10:18:54,377 - ScreenStreamer - INFO - Signaling WebSocket connected
2026-02-24 10:18:54,443 - ScreenStreamer - DEBUG - Received message type: offer
2026-02-24 10:18:54,443 - ScreenStreamer - INFO - Received WebRTC Offer. Initializing PeerConnection.
2026-02-24 10:18:59,512 - ScreenStreamer - INFO - Sent WebRTC Answer
2026-02-24 10:18:59,512 - ScreenStreamer - INFO - WebRTC Connection State: connecting
2026-02-24 10:18:59,512 - ScreenStreamer - DEBUG - Received message type: ice_candidate
2026-02-24 10:18:59,542 - ScreenStreamer - DEBUG - Received message type: ice_candidate
2026-02-24 10:18:59,563 - ScreenStreamer - INFO - WebRTC Connection State: connected
2026-02-24 10:56:58,102 - ScreenStreamer - INFO - ScreenTrack stopped, releasing memory and capture resources.
2026-02-24 10:56:58,118 - ScreenStreamer - INFO - WebRTC Connection State: closed
2026-02-24 10:56:58,118 - ScreenStreamer - WARNING - Connection closed/failed. Triggering full memory cleanup.
2026-02-24 10:56:59,582 - ScreenStreamer - INFO - WebRTC streamer stopping...
2026-02-24 10:57:20,838 - ScreenStreamer - INFO - WebRTC streamer thread started. Target: ws://localhost:8000/api/v1/ws/ws?role=host&room_id=0bfe9f83-1225-43d7-9cdd-92886846778c&token=eyJhbGciOiJIUzI1NiIsInR5cCI6IkpXVCJ9.eyJzdWIiOiIwYmZlOWY4My0xMjI1LTQzZDctOWNkZC05Mjg4Njg0Njc3OGMiLCJleHAiOjQ5MjU0NDYwNTJ9.WJyygtCzvGJbXIZbyXmvM32TnnOTS_T5oZA_zQDTvxM
2026-02-24 10:57:20,838 - ScreenStreamer - INFO - Connecting to signaling server at ws://localhost:8000/api/v1/ws/ws?role=host&room_id=0bfe9f83-1225-43d7-9cdd-92886846778c&token=eyJhbGciOiJIUzI1NiIsInR5cCI6IkpXVCJ9.eyJzdWIiOiIwYmZlOWY4My0xMjI1LTQzZDctOWNkZC05Mjg4Njg0Njc3OGMiLCJleHAiOjQ5MjU0NDYwNTJ9.WJyygtCzvGJbXIZbyXmvM32TnnOTS_T5oZA_zQDTvxM
2026-02-24 10:57:22,872 - ScreenStreamer - INFO - Signaling WebSocket connected
2026-02-24 10:57:22,872 - ScreenStreamer - DEBUG - Received message type: offer
2026-02-24 10:57:22,872 - ScreenStreamer - INFO - Received WebRTC Offer. Initializing PeerConnection.
2026-02-24 10:57:27,982 - ScreenStreamer - INFO - Sent WebRTC Answer
2026-02-24 10:57:27,982 - ScreenStreamer - INFO - WebRTC Connection State: connecting
2026-02-24 10:57:28,074 - ScreenStreamer - INFO - WebRTC Connection State: connected
2026-02-24 11:04:32,768 - ScreenStreamer - INFO - ScreenTrack stopped, releasing memory and capture resources.
2026-02-24 11:04:32,775 - ScreenStreamer - INFO - WebRTC Connection State: closed
2026-02-24 11:04:32,775 - ScreenStreamer - WARNING - Connection closed/failed. Triggering full memory cleanup.
2026-02-24 11:04:38,383 - ScreenStreamer - INFO - WebRTC streamer stopping...
2026-02-24 11:07:06,695 - ScreenStreamer - INFO - WebRTC streamer thread started. Target: ws://localhost:8000/api/v1/ws/ws?role=host&room_id=0bfe9f83-1225-43d7-9cdd-92886846778c&token=eyJhbGciOiJIUzI1NiIsInR5cCI6IkpXVCJ9.eyJzdWIiOiIwYmZlOWY4My0xMjI1LTQzZDctOWNkZC05Mjg4Njg0Njc3OGMiLCJleHAiOjQ5MjU0NDYwNTJ9.WJyygtCzvGJbXIZbyXmvM32TnnOTS_T5oZA_zQDTvxM
2026-02-24 11:07:06,699 - ScreenStreamer - INFO - Connecting to signaling server at ws://localhost:8000/api/v1/ws/ws?role=host&room_id=0bfe9f83-1225-43d7-9cdd-92886846778c&token=eyJhbGciOiJIUzI1NiIsInR5cCI6IkpXVCJ9.eyJzdWIiOiIwYmZlOWY4My0xMjI1LTQzZDctOWNkZC05Mjg4Njg0Njc3OGMiLCJleHAiOjQ5MjU0NDYwNTJ9.WJyygtCzvGJbXIZbyXmvM32TnnOTS_T5oZA_zQDTvxM
2026-02-24 11:07:08,743 - ScreenStreamer - INFO - Signaling WebSocket connected
2026-02-24 11:07:08,757 - ScreenStreamer - DEBUG - Received message type: offer
2026-02-24 11:07:08,757 - ScreenStreamer - INFO - Received WebRTC Offer. Initializing PeerConnection.
2026-02-24 11:07:13,779 - ScreenStreamer - INFO - Sent WebRTC Answer
2026-02-24 11:07:13,779 - ScreenStreamer - INFO - WebRTC Connection State: connecting
2026-02-24 11:07:13,823 - ScreenStreamer - INFO - WebRTC Connection State: connected
2026-02-24 11:07:44,300 - ScreenStreamer - INFO - ScreenTrack stopped, releasing memory and capture resources.
2026-02-24 11:07:44,308 - ScreenStreamer - INFO - WebRTC Connection State: closed
2026-02-24 11:07:44,308 - ScreenStreamer - WARNING - Connection closed/failed. Triggering full memory cleanup.
2026-02-24 11:07:49,114 - ScreenStreamer - INFO - WebRTC streamer stopping...
2026-02-24 11:08:17,389 - ScreenStreamer - INFO - WebRTC streamer thread started. Target: ws://localhost:8000/api/v1/ws/ws?role=host&room_id=0bfe9f83-1225-43d7-9cdd-92886846778c&token=eyJhbGciOiJIUzI1NiIsInR5cCI6IkpXVCJ9.eyJzdWIiOiIwYmZlOWY4My0xMjI1LTQzZDctOWNkZC05Mjg4Njg0Njc3OGMiLCJleHAiOjQ5MjU0NDYwNTJ9.WJyygtCzvGJbXIZbyXmvM32TnnOTS_T5oZA_zQDTvxM
2026-02-24 11:08:17,393 - ScreenStreamer - INFO - Connecting to signaling server at ws://localhost:8000/api/v1/ws/ws?role=host&room_id=0bfe9f83-1225-43d7-9cdd-92886846778c&token=eyJhbGciOiJIUzI1NiIsInR5cCI6IkpXVCJ9.eyJzdWIiOiIwYmZlOWY4My0xMjI1LTQzZDctOWNkZC05Mjg4Njg0Njc3OGMiLCJleHAiOjQ5MjU0NDYwNTJ9.WJyygtCzvGJbXIZbyXmvM32TnnOTS_T5oZA_zQDTvxM
2026-02-24 11:08:19,445 - ScreenStreamer - INFO - Signaling WebSocket connected
2026-02-24 11:08:19,447 - ScreenStreamer - DEBUG - Received message type: offer
2026-02-24 11:08:19,447 - ScreenStreamer - INFO - Received WebRTC Offer. Initializing PeerConnection.
2026-02-24 11:08:24,488 - ScreenStreamer - INFO - Sent WebRTC Answer
2026-02-24 11:08:24,489 - ScreenStreamer - INFO - WebRTC Connection State: connecting
2026-02-24 11:08:24,546 - ScreenStreamer - INFO - WebRTC Connection State: connected
2026-02-24 11:08:28,754 - ScreenStreamer - INFO - ScreenTrack stopped, releasing memory and capture resources.
2026-02-24 11:08:28,761 - ScreenStreamer - INFO - WebRTC Connection State: closed
2026-02-24 11:08:28,761 - ScreenStreamer - WARNING - Connection closed/failed. Triggering full memory cleanup.
2026-02-24 11:08:31,525 - ScreenStreamer - INFO - WebRTC streamer stopping...
2026-02-24 11:11:06,722 - ScreenStreamer - INFO - WebRTC streamer thread started. Target: ws://localhost:8000/api/v1/ws/ws?role=host&room_id=0bfe9f83-1225-43d7-9cdd-92886846778c&token=eyJhbGciOiJIUzI1NiIsInR5cCI6IkpXVCJ9.eyJzdWIiOiIwYmZlOWY4My0xMjI1LTQzZDctOWNkZC05Mjg4Njg0Njc3OGMiLCJleHAiOjQ5MjU0NDYwNTJ9.WJyygtCzvGJbXIZbyXmvM32TnnOTS_T5oZA_zQDTvxM
2026-02-24 11:11:06,727 - ScreenStreamer - INFO - Connecting to signaling server at ws://localhost:8000/api/v1/ws/ws?role=host&room_id=0bfe9f83-1225-43d7-9cdd-92886846778c&token=eyJhbGciOiJIUzI1NiIsInR5cCI6IkpXVCJ9.eyJzdWIiOiIwYmZlOWY4My0xMjI1LTQzZDctOWNkZC05Mjg4Njg0Njc3OGMiLCJleHAiOjQ5MjU0NDYwNTJ9.WJyygtCzvGJbXIZbyXmvM32TnnOTS_T5oZA_zQDTvxM
2026-02-24 11:11:08,782 - ScreenStreamer - INFO - Signaling WebSocket connected
2026-02-24 11:11:08,784 - ScreenStreamer - DEBUG - Received message type: offer
2026-02-24 11:11:08,784 - ScreenStreamer - INFO - Received WebRTC Offer. Initializing PeerConnection.
2026-02-24 11:11:13,820 - ScreenStreamer - INFO - Sent WebRTC Answer
2026-02-24 11:11:13,821 - ScreenStreamer - INFO - WebRTC Connection State: connecting
2026-02-24 11:11:13,864 - ScreenStreamer - INFO - WebRTC Connection State: connected
2026-02-24 12:11:57,056 - ScreenStreamer - INFO - ScreenTrack stopped, releasing memory and capture resources.
2026-02-24 12:11:57,069 - ScreenStreamer - INFO - WebRTC Connection State: closed
2026-02-24 12:11:57,069 - ScreenStreamer - WARNING - Connection closed/failed. Triggering full memory cleanup.
2026-02-24 12:12:08,504 - ScreenStreamer - DEBUG - Received message type: offer
2026-02-24 12:12:08,504 - ScreenStreamer - INFO - Received WebRTC Offer. Initializing PeerConnection.
2026-02-24 12:12:13,545 - ScreenStreamer - INFO - Sent WebRTC Answer
2026-02-24 12:12:13,546 - ScreenStreamer - INFO - WebRTC Connection State: connecting
2026-02-24 12:12:13,546 - ScreenStreamer - DEBUG - Received message type: ice_candidate
2026-02-24 12:12:13,556 - ScreenStreamer - DEBUG - Received message type: ice_candidate
2026-02-24 12:12:14,381 - ScreenStreamer - INFO - WebRTC Connection State: connected
2026-02-24 12:12:34,887 - ScreenStreamer - CRITICAL - WARNING: Captured frame is 100% black. Check OS Screen Recording Permissions.
2026-02-24 12:12:35,013 - ScreenStreamer - CRITICAL - WARNING: Captured frame is 100% black. Check OS Screen Recording Permissions.
2026-02-24 12:12:35,143 - ScreenStreamer - CRITICAL - WARNING: Captured frame is 100% black. Check OS Screen Recording Permissions.
2026-02-24 12:12:35,258 - ScreenStreamer - CRITICAL - WARNING: Captured frame is 100% black. Check OS Screen Recording Permissions.
2026-02-24 12:12:35,347 - ScreenStreamer - CRITICAL - WARNING: Captured frame is 100% black. Check OS Screen Recording Permissions.
2026-02-24 12:22:56,632 - ScreenStreamer - CRITICAL - WARNING: Captured frame is 100% black. Check OS Screen Recording Permissions.
2026-02-24 12:35:58,840 - ScreenStreamer - INFO - ScreenTrack stopped, releasing memory and capture resources.
2026-02-24 12:35:58,951 - ScreenStreamer - INFO - WebRTC Connection State: closed
2026-02-24 12:35:58,951 - ScreenStreamer - WARNING - Connection closed/failed. Triggering full memory cleanup.
2026-02-24 15:10:53,527 - ScreenStreamer - INFO - WebRTC streamer thread started. Target: ws://localhost:8000/api/v1/ws/ws?role=host&room_id=0bfe9f83-1225-43d7-9cdd-92886846778c&token=eyJhbGciOiJIUzI1NiIsInR5cCI6IkpXVCJ9.eyJzdWIiOiIwYmZlOWY4My0xMjI1LTQzZDctOWNkZC05Mjg4Njg0Njc3OGMiLCJleHAiOjQ5MjU0NDYwNTJ9.WJyygtCzvGJbXIZbyXmvM32TnnOTS_T5oZA_zQDTvxM
2026-02-24 15:10:53,540 - ScreenStreamer - INFO - Connecting to signaling server at ws://localhost:8000/api/v1/ws/ws?role=host&room_id=0bfe9f83-1225-43d7-9cdd-92886846778c&token=eyJhbGciOiJIUzI1NiIsInR5cCI6IkpXVCJ9.eyJzdWIiOiIwYmZlOWY4My0xMjI1LTQzZDctOWNkZC05Mjg4Njg0Njc3OGMiLCJleHAiOjQ5MjU0NDYwNTJ9.WJyygtCzvGJbXIZbyXmvM32TnnOTS_T5oZA_zQDTvxM
2026-02-24 15:10:53,542 - ScreenStreamer - INFO - WebRTC streamer stopping...
2026-02-24 15:10:53,554 - ScreenStreamer - INFO - WebRTC streamer thread started. Target: ws://localhost:8000/api/v1/ws/ws?role=host&room_id=0bfe9f83-1225-43d7-9cdd-92886846778c&token=eyJhbGciOiJIUzI1NiIsInR5cCI6IkpXVCJ9.eyJzdWIiOiIwYmZlOWY4My0xMjI1LTQzZDctOWNkZC05Mjg4Njg0Njc3OGMiLCJleHAiOjQ5MjU0NDYwNTJ9.WJyygtCzvGJbXIZbyXmvM32TnnOTS_T5oZA_zQDTvxM
2026-02-24 15:10:53,560 - ScreenStreamer - INFO - Connecting to signaling server at ws://localhost:8000/api/v1/ws/ws?role=host&room_id=0bfe9f83-1225-43d7-9cdd-92886846778c&token=eyJhbGciOiJIUzI1NiIsInR5cCI6IkpXVCJ9.eyJzdWIiOiIwYmZlOWY4My0xMjI1LTQzZDctOWNkZC05Mjg4Njg0Njc3OGMiLCJleHAiOjQ5MjU0NDYwNTJ9.WJyygtCzvGJbXIZbyXmvM32TnnOTS_T5oZA_zQDTvxM
2026-02-24 15:10:55,771 - ScreenStreamer - INFO - Signaling WebSocket connected
2026-02-24 15:10:55,777 - ScreenStreamer - INFO - Signaling WebSocket connected
2026-02-24 15:11:00,632 - ScreenStreamer - INFO - WebRTC streamer stopping...
2026-02-24 15:11:00,634 - ScreenStreamer - INFO - WebRTC streamer thread started. Target: ws://localhost:8000/api/v1/ws/ws?role=host&room_id=0bfe9f83-1225-43d7-9cdd-92886846778c&token=eyJhbGciOiJIUzI1NiIsInR5cCI6IkpXVCJ9.eyJzdWIiOiIwYmZlOWY4My0xMjI1LTQzZDctOWNkZC05Mjg4Njg0Njc3OGMiLCJleHAiOjQ5MjU0NDYwNTJ9.WJyygtCzvGJbXIZbyXmvM32TnnOTS_T5oZA_zQDTvxM
2026-02-24 15:11:00,636 - ScreenStreamer - INFO - WebRTC streamer stopping...
2026-02-24 15:11:07,755 - ScreenStreamer - INFO - WebRTC streamer thread started. Target: ws://localhost:8000/api/v1/ws/ws?role=host&room_id=0bfe9f83-1225-43d7-9cdd-92886846778c&token=eyJhbGciOiJIUzI1NiIsInR5cCI6IkpXVCJ9.eyJzdWIiOiIwYmZlOWY4My0xMjI1LTQzZDctOWNkZC05Mjg4Njg0Njc3OGMiLCJleHAiOjQ5MjU0NDYwNTJ9.WJyygtCzvGJbXIZbyXmvM32TnnOTS_T5oZA_zQDTvxM
2026-02-24 15:11:07,763 - ScreenStreamer - INFO - Connecting to signaling server at ws://localhost:8000/api/v1/ws/ws?role=host&room_id=0bfe9f83-1225-43d7-9cdd-92886846778c&token=eyJhbGciOiJIUzI1NiIsInR5cCI6IkpXVCJ9.eyJzdWIiOiIwYmZlOWY4My0xMjI1LTQzZDctOWNkZC05Mjg4Njg0Njc3OGMiLCJleHAiOjQ5MjU0NDYwNTJ9.WJyygtCzvGJbXIZbyXmvM32TnnOTS_T5oZA_zQDTvxM
2026-02-24 15:11:09,820 - ScreenStreamer - INFO - Signaling WebSocket connected
2026-02-24 15:55:40,139 - ScreenStreamer - INFO - WebRTC streamer thread started. Target: ws://localhost:8000/api/v1/ws/ws?role=host&room_id=0bfe9f83-1225-43d7-9cdd-92886846778c&token=eyJhbGciOiJIUzI1NiIsInR5cCI6IkpXVCJ9.eyJzdWIiOiIwYmZlOWY4My0xMjI1LTQzZDctOWNkZC05Mjg4Njg0Njc3OGMiLCJleHAiOjQ5MjU0NDYwNTJ9.WJyygtCzvGJbXIZbyXmvM32TnnOTS_T5oZA_zQDTvxM
2026-02-24 15:55:40,142 - ScreenStreamer - INFO - Connecting to signaling server at ws://localhost:8000/api/v1/ws/ws?role=host&room_id=0bfe9f83-1225-43d7-9cdd-92886846778c&token=eyJhbGciOiJIUzI1NiIsInR5cCI6IkpXVCJ9.eyJzdWIiOiIwYmZlOWY4My0xMjI1LTQzZDctOWNkZC05Mjg4Njg0Njc3OGMiLCJleHAiOjQ5MjU0NDYwNTJ9.WJyygtCzvGJbXIZbyXmvM32TnnOTS_T5oZA_zQDTvxM
2026-02-24 15:55:42,295 - ScreenStreamer - INFO - Signaling WebSocket connected
2026-02-24 15:55:42,297 - ScreenStreamer - DEBUG - Received message type: offer
2026-02-24 15:55:42,297 - ScreenStreamer - INFO - Received WebRTC Offer. Initializing PeerConnection.
2026-02-24 15:55:47,399 - ScreenStreamer - INFO - Sent WebRTC Answer
2026-02-24 15:55:47,399 - ScreenStreamer - INFO - WebRTC Connection State: connecting
2026-02-24 15:55:47,485 - ScreenStreamer - INFO - WebRTC Connection State: connected
2026-02-24 16:26:48,123 - ScreenStreamer - INFO - ScreenTrack stopped, releasing memory and capture resources.
2026-02-24 16:26:48,154 - ScreenStreamer - INFO - WebRTC Connection State: closed
2026-02-24 16:26:48,154 - ScreenStreamer - WARNING - Connection closed/failed. Triggering full memory cleanup.
2026-02-24 18:19:45,397 - ScreenStreamer - INFO - WebRTC streamer thread started. Target: ws://localhost:8000/api/v1/ws/ws?role=host&room_id=0bfe9f83-1225-43d7-9cdd-92886846778c&token=eyJhbGciOiJIUzI1NiIsInR5cCI6IkpXVCJ9.eyJzdWIiOiIwYmZlOWY4My0xMjI1LTQzZDctOWNkZC05Mjg4Njg0Njc3OGMiLCJleHAiOjQ5MjU0NDYwNTJ9.WJyygtCzvGJbXIZbyXmvM32TnnOTS_T5oZA_zQDTvxM
2026-02-24 18:19:45,403 - ScreenStreamer - INFO - Connecting to signaling server at ws://localhost:8000/api/v1/ws/ws?role=host&room_id=0bfe9f83-1225-43d7-9cdd-92886846778c&token=eyJhbGciOiJIUzI1NiIsInR5cCI6IkpXVCJ9.eyJzdWIiOiIwYmZlOWY4My0xMjI1LTQzZDctOWNkZC05Mjg4Njg0Njc3OGMiLCJleHAiOjQ5MjU0NDYwNTJ9.WJyygtCzvGJbXIZbyXmvM32TnnOTS_T5oZA_zQDTvxM
2026-02-24 18:19:47,652 - ScreenStreamer - INFO - Signaling WebSocket connected
2026-02-24 18:19:47,654 - ScreenStreamer - DEBUG - Received message type: offer
2026-02-24 18:19:47,656 - ScreenStreamer - INFO - Received WebRTC Offer. Initializing PeerConnection.
2026-02-24 18:19:52,806 - ScreenStreamer - INFO - Sent WebRTC Answer
2026-02-24 18:19:52,807 - ScreenStreamer - INFO - WebRTC Connection State: connecting
2026-02-24 18:19:52,925 - ScreenStreamer - INFO - WebRTC Connection State: connected
2026-02-24 18:20:36,417 - ScreenStreamer - INFO - ScreenTrack stopped, releasing memory and capture resources.
2026-02-24 18:20:36,429 - ScreenStreamer - INFO - WebRTC Connection State: closed
2026-02-24 18:20:36,429 - ScreenStreamer - WARNING - Connection closed/failed. Triggering full memory cleanup.
2026-02-24 18:20:41,852 - ScreenStreamer - INFO - WebRTC streamer stopping...
